<!DOCTYPE html PUBLIC "-//W3C//DTD XHTML 1.1//EN" "https://www.w3.org/TR/xhtml11/DTD/xhtml11.dtd">
<html xmlns="https://www.w3.org/1999/xhtml">
<head>
<meta http-equiv="content-type" content="text/html; charset=UTF-8"/>
<title>TestNG Report</title>
<style type="text/css">table {margin-bottom:10px;border-collapse:collapse;empty-cells:show}th,td {border:1px solid #009;padding:.25em .5em}th {vertical-align:bottom}td {vertical-align:top}table a {font-weight:bold}.stripe td {background-color: #E6EBF9}.num {text-align:right}.passedodd td {background-color: #3F3}.passedeven td {background-color: #0A0}.skippedodd td {background-color: #DDD}.skippedeven td {background-color: #CCC}.failedodd td,.attn {background-color: #F33}.failedeven td,.stripe .attn {background-color: #D00}.stacktrace {white-space:pre;font-family:monospace}.totop {font-size:85%;text-align:center;border-bottom:2px solid #000}.invisible {display:none}</style>
</head>
<body>
<table>
<tr><th>Test</th><th># Passed</th><th># Skipped</th><th># Retried</th><th># Failed</th><th>Time (ms)</th><th>Included Groups</th><th>Excluded Groups</th></tr>
<tr><th colspan="8">Default suite</th></tr>
<tr><td><a href="#t0">Default test</a></td><td class="num">132</td><td class="num">0</td><td class="num">0</td><td class="num attn">37</td><td class="num">162,690</td><td></td><td></td></tr>
</table>
<table id='summary'><thead><tr><th>Class</th><th>Method</th><th>Start</th><th>Time (ms)</th></tr></thead><tbody><tr><th colspan="4">Default suite</th></tr></tbody><tbody id="t0"><tr><th colspan="4">Default test &#8212; failed</th></tr><tr class="failedeven"><td rowspan="37">Runner.TestRunner</td><td><a href="#m0">runScenario</a></td><td rowspan="37">1697514021666</td><td rowspan="37">501</td></tr><tr class="failedeven"><td><a href="#m1">runScenario</a></td></tr><tr class="failedeven"><td><a href="#m2">runScenario</a></td></tr><tr class="failedeven"><td><a href="#m3">runScenario</a></td></tr><tr class="failedeven"><td><a href="#m4">runScenario</a></td></tr><tr class="failedeven"><td><a href="#m5">runScenario</a></td></tr><tr class="failedeven"><td><a href="#m6">runScenario</a></td></tr><tr class="failedeven"><td><a href="#m7">runScenario</a></td></tr><tr class="failedeven"><td><a href="#m8">runScenario</a></td></tr><tr class="failedeven"><td><a href="#m9">runScenario</a></td></tr><tr class="failedeven"><td><a href="#m10">runScenario</a></td></tr><tr class="failedeven"><td><a href="#m11">runScenario</a></td></tr><tr class="failedeven"><td><a href="#m12">runScenario</a></td></tr><tr class="failedeven"><td><a href="#m13">runScenario</a></td></tr><tr class="failedeven"><td><a href="#m14">runScenario</a></td></tr><tr class="failedeven"><td><a href="#m15">runScenario</a></td></tr><tr class="failedeven"><td><a href="#m16">runScenario</a></td></tr><tr class="failedeven"><td><a href="#m17">runScenario</a></td></tr><tr class="failedeven"><td><a href="#m18">runScenario</a></td></tr><tr class="failedeven"><td><a href="#m19">runScenario</a></td></tr><tr class="failedeven"><td><a href="#m20">runScenario</a></td></tr><tr class="failedeven"><td><a href="#m21">runScenario</a></td></tr><tr class="failedeven"><td><a href="#m22">runScenario</a></td></tr><tr class="failedeven"><td><a href="#m23">runScenario</a></td></tr><tr class="failedeven"><td><a href="#m24">runScenario</a></td></tr><tr class="failedeven"><td><a href="#m25">runScenario</a></td></tr><tr class="failedeven"><td><a href="#m26">runScenario</a></td></tr><tr class="failedeven"><td><a href="#m27">runScenario</a></td></tr><tr class="failedeven"><td><a href="#m28">runScenario</a></td></tr><tr class="failedeven"><td><a href="#m29">runScenario</a></td></tr><tr class="failedeven"><td><a href="#m30">runScenario</a></td></tr><tr class="failedeven"><td><a href="#m31">runScenario</a></td></tr><tr class="failedeven"><td><a href="#m32">runScenario</a></td></tr><tr class="failedeven"><td><a href="#m33">runScenario</a></td></tr><tr class="failedeven"><td><a href="#m34">runScenario</a></td></tr><tr class="failedeven"><td><a href="#m35">runScenario</a></td></tr><tr class="failedeven"><td><a href="#m36">runScenario</a></td></tr><tr><th colspan="4">Default test &#8212; passed</th></tr><tr class="passedeven"><td rowspan="132">Runner.TestRunner</td><td><a href="#m37">runScenario</a></td><td rowspan="132">1697513929957</td><td rowspan="132">286</td></tr><tr class="passedeven"><td><a href="#m38">runScenario</a></td></tr><tr class="passedeven"><td><a href="#m39">runScenario</a></td></tr><tr class="passedeven"><td><a href="#m40">runScenario</a></td></tr><tr class="passedeven"><td><a href="#m41">runScenario</a></td></tr><tr class="passedeven"><td><a href="#m42">runScenario</a></td></tr><tr class="passedeven"><td><a href="#m43">runScenario</a></td></tr><tr class="passedeven"><td><a href="#m44">runScenario</a></td></tr><tr class="passedeven"><td><a href="#m45">runScenario</a></td></tr><tr class="passedeven"><td><a href="#m46">runScenario</a></td></tr><tr class="passedeven"><td><a href="#m47">runScenario</a></td></tr><tr class="passedeven"><td><a href="#m48">runScenario</a></td></tr><tr class="passedeven"><td><a href="#m49">runScenario</a></td></tr><tr class="passedeven"><td><a href="#m50">runScenario</a></td></tr><tr class="passedeven"><td><a href="#m51">runScenario</a></td></tr><tr class="passedeven"><td><a href="#m52">runScenario</a></td></tr><tr class="passedeven"><td><a href="#m53">runScenario</a></td></tr><tr class="passedeven"><td><a href="#m54">runScenario</a></td></tr><tr class="passedeven"><td><a href="#m55">runScenario</a></td></tr><tr class="passedeven"><td><a href="#m56">runScenario</a></td></tr><tr class="passedeven"><td><a href="#m57">runScenario</a></td></tr><tr class="passedeven"><td><a href="#m58">runScenario</a></td></tr><tr class="passedeven"><td><a href="#m59">runScenario</a></td></tr><tr class="passedeven"><td><a href="#m60">runScenario</a></td></tr><tr class="passedeven"><td><a href="#m61">runScenario</a></td></tr><tr class="passedeven"><td><a href="#m62">runScenario</a></td></tr><tr class="passedeven"><td><a href="#m63">runScenario</a></td></tr><tr class="passedeven"><td><a href="#m64">runScenario</a></td></tr><tr class="passedeven"><td><a href="#m65">runScenario</a></td></tr><tr class="passedeven"><td><a href="#m66">runScenario</a></td></tr><tr class="passedeven"><td><a href="#m67">runScenario</a></td></tr><tr class="passedeven"><td><a href="#m68">runScenario</a></td></tr><tr class="passedeven"><td><a href="#m69">runScenario</a></td></tr><tr class="passedeven"><td><a href="#m70">runScenario</a></td></tr><tr class="passedeven"><td><a href="#m71">runScenario</a></td></tr><tr class="passedeven"><td><a href="#m72">runScenario</a></td></tr><tr class="passedeven"><td><a href="#m73">runScenario</a></td></tr><tr class="passedeven"><td><a href="#m74">runScenario</a></td></tr><tr class="passedeven"><td><a href="#m75">runScenario</a></td></tr><tr class="passedeven"><td><a href="#m76">runScenario</a></td></tr><tr class="passedeven"><td><a href="#m77">runScenario</a></td></tr><tr class="passedeven"><td><a href="#m78">runScenario</a></td></tr><tr class="passedeven"><td><a href="#m79">runScenario</a></td></tr><tr class="passedeven"><td><a href="#m80">runScenario</a></td></tr><tr class="passedeven"><td><a href="#m81">runScenario</a></td></tr><tr class="passedeven"><td><a href="#m82">runScenario</a></td></tr><tr class="passedeven"><td><a href="#m83">runScenario</a></td></tr><tr class="passedeven"><td><a href="#m84">runScenario</a></td></tr><tr class="passedeven"><td><a href="#m85">runScenario</a></td></tr><tr class="passedeven"><td><a href="#m86">runScenario</a></td></tr><tr class="passedeven"><td><a href="#m87">runScenario</a></td></tr><tr class="passedeven"><td><a href="#m88">runScenario</a></td></tr><tr class="passedeven"><td><a href="#m89">runScenario</a></td></tr><tr class="passedeven"><td><a href="#m90">runScenario</a></td></tr><tr class="passedeven"><td><a href="#m91">runScenario</a></td></tr><tr class="passedeven"><td><a href="#m92">runScenario</a></td></tr><tr class="passedeven"><td><a href="#m93">runScenario</a></td></tr><tr class="passedeven"><td><a href="#m94">runScenario</a></td></tr><tr class="passedeven"><td><a href="#m95">runScenario</a></td></tr><tr class="passedeven"><td><a href="#m96">runScenario</a></td></tr><tr class="passedeven"><td><a href="#m97">runScenario</a></td></tr><tr class="passedeven"><td><a href="#m98">runScenario</a></td></tr><tr class="passedeven"><td><a href="#m99">runScenario</a></td></tr><tr class="passedeven"><td><a href="#m100">runScenario</a></td></tr><tr class="passedeven"><td><a href="#m101">runScenario</a></td></tr><tr class="passedeven"><td><a href="#m102">runScenario</a></td></tr><tr class="passedeven"><td><a href="#m103">runScenario</a></td></tr><tr class="passedeven"><td><a href="#m104">runScenario</a></td></tr><tr class="passedeven"><td><a href="#m105">runScenario</a></td></tr><tr class="passedeven"><td><a href="#m106">runScenario</a></td></tr><tr class="passedeven"><td><a href="#m107">runScenario</a></td></tr><tr class="passedeven"><td><a href="#m108">runScenario</a></td></tr><tr class="passedeven"><td><a href="#m109">runScenario</a></td></tr><tr class="passedeven"><td><a href="#m110">runScenario</a></td></tr><tr class="passedeven"><td><a href="#m111">runScenario</a></td></tr><tr class="passedeven"><td><a href="#m112">runScenario</a></td></tr><tr class="passedeven"><td><a href="#m113">runScenario</a></td></tr><tr class="passedeven"><td><a href="#m114">runScenario</a></td></tr><tr class="passedeven"><td><a href="#m115">runScenario</a></td></tr><tr class="passedeven"><td><a href="#m116">runScenario</a></td></tr><tr class="passedeven"><td><a href="#m117">runScenario</a></td></tr><tr class="passedeven"><td><a href="#m118">runScenario</a></td></tr><tr class="passedeven"><td><a href="#m119">runScenario</a></td></tr><tr class="passedeven"><td><a href="#m120">runScenario</a></td></tr><tr class="passedeven"><td><a href="#m121">runScenario</a></td></tr><tr class="passedeven"><td><a href="#m122">runScenario</a></td></tr><tr class="passedeven"><td><a href="#m123">runScenario</a></td></tr><tr class="passedeven"><td><a href="#m124">runScenario</a></td></tr><tr class="passedeven"><td><a href="#m125">runScenario</a></td></tr><tr class="passedeven"><td><a href="#m126">runScenario</a></td></tr><tr class="passedeven"><td><a href="#m127">runScenario</a></td></tr><tr class="passedeven"><td><a href="#m128">runScenario</a></td></tr><tr class="passedeven"><td><a href="#m129">runScenario</a></td></tr><tr class="passedeven"><td><a href="#m130">runScenario</a></td></tr><tr class="passedeven"><td><a href="#m131">runScenario</a></td></tr><tr class="passedeven"><td><a href="#m132">runScenario</a></td></tr><tr class="passedeven"><td><a href="#m133">runScenario</a></td></tr><tr class="passedeven"><td><a href="#m134">runScenario</a></td></tr><tr class="passedeven"><td><a href="#m135">runScenario</a></td></tr><tr class="passedeven"><td><a href="#m136">runScenario</a></td></tr><tr class="passedeven"><td><a href="#m137">runScenario</a></td></tr><tr class="passedeven"><td><a href="#m138">runScenario</a></td></tr><tr class="passedeven"><td><a href="#m139">runScenario</a></td></tr><tr class="passedeven"><td><a href="#m140">runScenario</a></td></tr><tr class="passedeven"><td><a href="#m141">runScenario</a></td></tr><tr class="passedeven"><td><a href="#m142">runScenario</a></td></tr><tr class="passedeven"><td><a href="#m143">runScenario</a></td></tr><tr class="passedeven"><td><a href="#m144">runScenario</a></td></tr><tr class="passedeven"><td><a href="#m145">runScenario</a></td></tr><tr class="passedeven"><td><a href="#m146">runScenario</a></td></tr><tr class="passedeven"><td><a href="#m147">runScenario</a></td></tr><tr class="passedeven"><td><a href="#m148">runScenario</a></td></tr><tr class="passedeven"><td><a href="#m149">runScenario</a></td></tr><tr class="passedeven"><td><a href="#m150">runScenario</a></td></tr><tr class="passedeven"><td><a href="#m151">runScenario</a></td></tr><tr class="passedeven"><td><a href="#m152">runScenario</a></td></tr><tr class="passedeven"><td><a href="#m153">runScenario</a></td></tr><tr class="passedeven"><td><a href="#m154">runScenario</a></td></tr><tr class="passedeven"><td><a href="#m155">runScenario</a></td></tr><tr class="passedeven"><td><a href="#m156">runScenario</a></td></tr><tr class="passedeven"><td><a href="#m157">runScenario</a></td></tr><tr class="passedeven"><td><a href="#m158">runScenario</a></td></tr><tr class="passedeven"><td><a href="#m159">runScenario</a></td></tr><tr class="passedeven"><td><a href="#m160">runScenario</a></td></tr><tr class="passedeven"><td><a href="#m161">runScenario</a></td></tr><tr class="passedeven"><td><a href="#m162">runScenario</a></td></tr><tr class="passedeven"><td><a href="#m163">runScenario</a></td></tr><tr class="passedeven"><td><a href="#m164">runScenario</a></td></tr><tr class="passedeven"><td><a href="#m165">runScenario</a></td></tr><tr class="passedeven"><td><a href="#m166">runScenario</a></td></tr><tr class="passedeven"><td><a href="#m167">runScenario</a></td></tr><tr class="passedeven"><td><a href="#m168">runScenario</a></td></tr></tbody>
</table>
<h2>Default test</h2><h3 id="m0">Runner.TestRunner#runScenario</h3><table class="result"><tr class="param"><th>Parameter #1</th><th>Parameter #2</th></tr><tr class="param stripe"><td>&quot;The user is presented with error message for code with invalid syntax in tryEditor for Implementation of Queue page&quot;</td><td>&quot;Testing the Tree Page&quot;</td></tr><tr><th colspan="2">Exception</th></tr><tr><td colspan="2"><div class="stacktrace">org.openqa.selenium.NoAlertPresentException: Build info: version: &apos;4.12.1&apos;, revision: &apos;8e34639b11&apos;
System info: os.name: &apos;Mac OS X&apos;, os.arch: &apos;aarch64&apos;, os.version: &apos;13.5.2&apos;, java.version: &apos;20.0.2&apos;
Driver info: org.openqa.selenium.firefox.FirefoxDriver
Command: [78c38201-c377-4508-87eb-42c0ddf43e75, getAlertText {}]
Capabilities {acceptInsecureCerts: true, browserName: firefox, browserVersion: 118.0.1, moz:accessibilityChecks: false, moz:buildID: 20230927232528, moz:debuggerAddress: 127.0.0.1:16524, moz:geckodriverVersion: 0.33.0, moz:headless: false, moz:platformVersion: 22.6.0, moz:processID: 96943, moz:profile: /var/folders/x3/28px5q393bv..., moz:shutdownTimeout: 60000, moz:webdriverClick: true, moz:windowless: false, pageLoadStrategy: normal, platformName: mac, proxy: Proxy(), se:cdp: ws://127.0.0.1:16524/devtoo..., se:cdpVersion: 85.0, setWindowRect: true, strictFileInteractability: false, timeouts: {implicit: 0, pageLoad: 300000, script: 30000}, unhandledPromptBehavior: dismiss and notify}
Session ID: 78c38201-c377-4508-87eb-42c0ddf43e75
	at java.base/jdk.internal.reflect.DirectConstructorHandleAccessor.newInstance(DirectConstructorHandleAccessor.java:67)
	at java.base/java.lang.reflect.Constructor.newInstanceWithCaller(Constructor.java:500)
	at java.base/java.lang.reflect.Constructor.newInstance(Constructor.java:484)
	at org.openqa.selenium.remote.codec.w3c.W3CHttpResponseCodec.createException(W3CHttpResponseCodec.java:200)
	at org.openqa.selenium.remote.codec.w3c.W3CHttpResponseCodec.decode(W3CHttpResponseCodec.java:133)
	at org.openqa.selenium.remote.codec.w3c.W3CHttpResponseCodec.decode(W3CHttpResponseCodec.java:52)
	at org.openqa.selenium.remote.HttpCommandExecutor.execute(HttpCommandExecutor.java:191)
	at org.openqa.selenium.remote.service.DriverCommandExecutor.invokeExecute(DriverCommandExecutor.java:196)
	at org.openqa.selenium.remote.service.DriverCommandExecutor.execute(DriverCommandExecutor.java:171)
	at org.openqa.selenium.remote.RemoteWebDriver.execute(RemoteWebDriver.java:602)
	at org.openqa.selenium.remote.RemoteWebDriver.execute(RemoteWebDriver.java:675)
	at org.openqa.selenium.remote.RemoteWebDriver.execute(RemoteWebDriver.java:679)
	at org.openqa.selenium.remote.RemoteWebDriver$RemoteTargetLocator.alert(RemoteWebDriver.java:1191)
	at PageObjects.ArrayPage.getErrorText(ArrayPage.java:122)
	at StepDefinitions.ArrayStepDefinition.the_user_should_be_presented_with_error_result(ArrayStepDefinition.java:122)
	at ✽.The user should be presented with error result(file:///Users/jibyraju/eclipse-workspace/Project_Presentation/src/test/resources/features/Tree.feature:246)
</div></td></tr></table><p class="totop"><a href="#summary">back to summary</a></p>
<h3 id="m1">Runner.TestRunner#runScenario</h3><table class="result"><tr class="param"><th>Parameter #1</th><th>Parameter #2</th></tr><tr class="param stripe"><td>&quot;The user is presented with error message for code with invalid syntax in tryEditor for Implementation of Queue page&quot;</td><td>&quot;Testing the Tree Page&quot;</td></tr><tr><th colspan="2">Exception</th></tr><tr><td colspan="2"><div class="stacktrace">org.openqa.selenium.NoAlertPresentException: Build info: version: &apos;4.12.1&apos;, revision: &apos;8e34639b11&apos;
System info: os.name: &apos;Mac OS X&apos;, os.arch: &apos;aarch64&apos;, os.version: &apos;13.5.2&apos;, java.version: &apos;20.0.2&apos;
Driver info: org.openqa.selenium.firefox.FirefoxDriver
Command: [78c38201-c377-4508-87eb-42c0ddf43e75, getAlertText {}]
Capabilities {acceptInsecureCerts: true, browserName: firefox, browserVersion: 118.0.1, moz:accessibilityChecks: false, moz:buildID: 20230927232528, moz:debuggerAddress: 127.0.0.1:16524, moz:geckodriverVersion: 0.33.0, moz:headless: false, moz:platformVersion: 22.6.0, moz:processID: 96943, moz:profile: /var/folders/x3/28px5q393bv..., moz:shutdownTimeout: 60000, moz:webdriverClick: true, moz:windowless: false, pageLoadStrategy: normal, platformName: mac, proxy: Proxy(), se:cdp: ws://127.0.0.1:16524/devtoo..., se:cdpVersion: 85.0, setWindowRect: true, strictFileInteractability: false, timeouts: {implicit: 0, pageLoad: 300000, script: 30000}, unhandledPromptBehavior: dismiss and notify}
Session ID: 78c38201-c377-4508-87eb-42c0ddf43e75
	at java.base/jdk.internal.reflect.DirectConstructorHandleAccessor.newInstance(DirectConstructorHandleAccessor.java:67)
	at java.base/java.lang.reflect.Constructor.newInstanceWithCaller(Constructor.java:500)
	at java.base/java.lang.reflect.Constructor.newInstance(Constructor.java:484)
	at org.openqa.selenium.remote.codec.w3c.W3CHttpResponseCodec.createException(W3CHttpResponseCodec.java:200)
	at org.openqa.selenium.remote.codec.w3c.W3CHttpResponseCodec.decode(W3CHttpResponseCodec.java:133)
	at org.openqa.selenium.remote.codec.w3c.W3CHttpResponseCodec.decode(W3CHttpResponseCodec.java:52)
	at org.openqa.selenium.remote.HttpCommandExecutor.execute(HttpCommandExecutor.java:191)
	at org.openqa.selenium.remote.service.DriverCommandExecutor.invokeExecute(DriverCommandExecutor.java:196)
	at org.openqa.selenium.remote.service.DriverCommandExecutor.execute(DriverCommandExecutor.java:171)
	at org.openqa.selenium.remote.RemoteWebDriver.execute(RemoteWebDriver.java:602)
	at org.openqa.selenium.remote.RemoteWebDriver.execute(RemoteWebDriver.java:675)
	at org.openqa.selenium.remote.RemoteWebDriver.execute(RemoteWebDriver.java:679)
	at org.openqa.selenium.remote.RemoteWebDriver$RemoteTargetLocator.alert(RemoteWebDriver.java:1191)
	at PageObjects.ArrayPage.getErrorText(ArrayPage.java:122)
	at StepDefinitions.ArrayStepDefinition.the_user_should_be_presented_with_error_result(ArrayStepDefinition.java:122)
	at ✽.The user should be presented with error result(file:///Users/jibyraju/eclipse-workspace/Project_Presentation/src/test/resources/features/Tree.feature:341)
</div></td></tr></table><p class="totop"><a href="#summary">back to summary</a></p>
<h3 id="m2">Runner.TestRunner#runScenario</h3><table class="result"><tr class="param"><th>Parameter #1</th><th>Parameter #2</th></tr><tr class="param stripe"><td>&quot;The user getting error message with invalid python code for Creating a Linked List page&quot;</td><td>&quot;User is on LinkedList page&quot;</td></tr><tr><th colspan="2">Exception</th></tr><tr><td colspan="2"><div class="stacktrace">org.openqa.selenium.NoAlertPresentException: Build info: version: &apos;4.12.1&apos;, revision: &apos;8e34639b11&apos;
System info: os.name: &apos;Mac OS X&apos;, os.arch: &apos;aarch64&apos;, os.version: &apos;13.5.2&apos;, java.version: &apos;20.0.2&apos;
Driver info: org.openqa.selenium.firefox.FirefoxDriver
Command: [78c38201-c377-4508-87eb-42c0ddf43e75, getAlertText {}]
Capabilities {acceptInsecureCerts: true, browserName: firefox, browserVersion: 118.0.1, moz:accessibilityChecks: false, moz:buildID: 20230927232528, moz:debuggerAddress: 127.0.0.1:16524, moz:geckodriverVersion: 0.33.0, moz:headless: false, moz:platformVersion: 22.6.0, moz:processID: 96943, moz:profile: /var/folders/x3/28px5q393bv..., moz:shutdownTimeout: 60000, moz:webdriverClick: true, moz:windowless: false, pageLoadStrategy: normal, platformName: mac, proxy: Proxy(), se:cdp: ws://127.0.0.1:16524/devtoo..., se:cdpVersion: 85.0, setWindowRect: true, strictFileInteractability: false, timeouts: {implicit: 0, pageLoad: 300000, script: 30000}, unhandledPromptBehavior: dismiss and notify}
Session ID: 78c38201-c377-4508-87eb-42c0ddf43e75
	at java.base/jdk.internal.reflect.DirectConstructorHandleAccessor.newInstance(DirectConstructorHandleAccessor.java:67)
	at java.base/java.lang.reflect.Constructor.newInstanceWithCaller(Constructor.java:500)
	at java.base/java.lang.reflect.Constructor.newInstance(Constructor.java:484)
	at org.openqa.selenium.remote.codec.w3c.W3CHttpResponseCodec.createException(W3CHttpResponseCodec.java:200)
	at org.openqa.selenium.remote.codec.w3c.W3CHttpResponseCodec.decode(W3CHttpResponseCodec.java:133)
	at org.openqa.selenium.remote.codec.w3c.W3CHttpResponseCodec.decode(W3CHttpResponseCodec.java:52)
	at org.openqa.selenium.remote.HttpCommandExecutor.execute(HttpCommandExecutor.java:191)
	at org.openqa.selenium.remote.service.DriverCommandExecutor.invokeExecute(DriverCommandExecutor.java:196)
	at org.openqa.selenium.remote.service.DriverCommandExecutor.execute(DriverCommandExecutor.java:171)
	at org.openqa.selenium.remote.RemoteWebDriver.execute(RemoteWebDriver.java:602)
	at org.openqa.selenium.remote.RemoteWebDriver.execute(RemoteWebDriver.java:675)
	at org.openqa.selenium.remote.RemoteWebDriver.execute(RemoteWebDriver.java:679)
	at org.openqa.selenium.remote.RemoteWebDriver$RemoteTargetLocator.alert(RemoteWebDriver.java:1191)
	at PageObjects.LinkedListPage.getErrorText(LinkedListPage.java:118)
	at StepDefinitions.LinkedListStepDefinition.the_user_get_the_error_message(LinkedListStepDefinition.java:94)
	at ✽.The user get the error message(file:///Users/jibyraju/eclipse-workspace/Project_Presentation/src/test/resources/features/LinkedList.feature:66)
</div></td></tr></table><p class="totop"><a href="#summary">back to summary</a></p>
<h3 id="m3">Runner.TestRunner#runScenario</h3><table class="result"><tr class="param"><th>Parameter #1</th><th>Parameter #2</th></tr><tr class="param stripe"><td>&quot;The user getting error message with invalid python code for Implement Linked List in Python page&quot;</td><td>&quot;User is on LinkedList page&quot;</td></tr><tr><th colspan="2">Exception</th></tr><tr><td colspan="2"><div class="stacktrace">org.openqa.selenium.NoAlertPresentException: Build info: version: &apos;4.12.1&apos;, revision: &apos;8e34639b11&apos;
System info: os.name: &apos;Mac OS X&apos;, os.arch: &apos;aarch64&apos;, os.version: &apos;13.5.2&apos;, java.version: &apos;20.0.2&apos;
Driver info: org.openqa.selenium.firefox.FirefoxDriver
Command: [78c38201-c377-4508-87eb-42c0ddf43e75, getAlertText {}]
Capabilities {acceptInsecureCerts: true, browserName: firefox, browserVersion: 118.0.1, moz:accessibilityChecks: false, moz:buildID: 20230927232528, moz:debuggerAddress: 127.0.0.1:16524, moz:geckodriverVersion: 0.33.0, moz:headless: false, moz:platformVersion: 22.6.0, moz:processID: 96943, moz:profile: /var/folders/x3/28px5q393bv..., moz:shutdownTimeout: 60000, moz:webdriverClick: true, moz:windowless: false, pageLoadStrategy: normal, platformName: mac, proxy: Proxy(), se:cdp: ws://127.0.0.1:16524/devtoo..., se:cdpVersion: 85.0, setWindowRect: true, strictFileInteractability: false, timeouts: {implicit: 0, pageLoad: 300000, script: 30000}, unhandledPromptBehavior: dismiss and notify}
Session ID: 78c38201-c377-4508-87eb-42c0ddf43e75
	at java.base/jdk.internal.reflect.DirectConstructorHandleAccessor.newInstance(DirectConstructorHandleAccessor.java:67)
	at java.base/java.lang.reflect.Constructor.newInstanceWithCaller(Constructor.java:500)
	at java.base/java.lang.reflect.Constructor.newInstance(Constructor.java:484)
	at org.openqa.selenium.remote.codec.w3c.W3CHttpResponseCodec.createException(W3CHttpResponseCodec.java:200)
	at org.openqa.selenium.remote.codec.w3c.W3CHttpResponseCodec.decode(W3CHttpResponseCodec.java:133)
	at org.openqa.selenium.remote.codec.w3c.W3CHttpResponseCodec.decode(W3CHttpResponseCodec.java:52)
	at org.openqa.selenium.remote.HttpCommandExecutor.execute(HttpCommandExecutor.java:191)
	at org.openqa.selenium.remote.service.DriverCommandExecutor.invokeExecute(DriverCommandExecutor.java:196)
	at org.openqa.selenium.remote.service.DriverCommandExecutor.execute(DriverCommandExecutor.java:171)
	at org.openqa.selenium.remote.RemoteWebDriver.execute(RemoteWebDriver.java:602)
	at org.openqa.selenium.remote.RemoteWebDriver.execute(RemoteWebDriver.java:675)
	at org.openqa.selenium.remote.RemoteWebDriver.execute(RemoteWebDriver.java:679)
	at org.openqa.selenium.remote.RemoteWebDriver$RemoteTargetLocator.alert(RemoteWebDriver.java:1191)
	at PageObjects.LinkedListPage.getErrorText(LinkedListPage.java:118)
	at StepDefinitions.LinkedListStepDefinition.the_user_get_the_error_message(LinkedListStepDefinition.java:94)
	at ✽.The user get the error message(file:///Users/jibyraju/eclipse-workspace/Project_Presentation/src/test/resources/features/LinkedList.feature:134)
</div></td></tr></table><p class="totop"><a href="#summary">back to summary</a></p>
<h3 id="m4">Runner.TestRunner#runScenario</h3><table class="result"><tr class="param"><th>Parameter #1</th><th>Parameter #2</th></tr><tr class="param stripe"><td>&quot;The user is presented with error message for code with invalid syntax in tryEditor for Implementation using Array page&quot;</td><td>&quot;User is on Queue Page&quot;</td></tr><tr><th colspan="2">Exception</th></tr><tr><td colspan="2"><div class="stacktrace">org.openqa.selenium.NoAlertPresentException: Build info: version: &apos;4.12.1&apos;, revision: &apos;8e34639b11&apos;
System info: os.name: &apos;Mac OS X&apos;, os.arch: &apos;aarch64&apos;, os.version: &apos;13.5.2&apos;, java.version: &apos;20.0.2&apos;
Driver info: org.openqa.selenium.firefox.FirefoxDriver
Command: [78c38201-c377-4508-87eb-42c0ddf43e75, getAlertText {}]
Capabilities {acceptInsecureCerts: true, browserName: firefox, browserVersion: 118.0.1, moz:accessibilityChecks: false, moz:buildID: 20230927232528, moz:debuggerAddress: 127.0.0.1:16524, moz:geckodriverVersion: 0.33.0, moz:headless: false, moz:platformVersion: 22.6.0, moz:processID: 96943, moz:profile: /var/folders/x3/28px5q393bv..., moz:shutdownTimeout: 60000, moz:webdriverClick: true, moz:windowless: false, pageLoadStrategy: normal, platformName: mac, proxy: Proxy(), se:cdp: ws://127.0.0.1:16524/devtoo..., se:cdpVersion: 85.0, setWindowRect: true, strictFileInteractability: false, timeouts: {implicit: 0, pageLoad: 300000, script: 30000}, unhandledPromptBehavior: dismiss and notify}
Session ID: 78c38201-c377-4508-87eb-42c0ddf43e75
	at java.base/jdk.internal.reflect.DirectConstructorHandleAccessor.newInstance(DirectConstructorHandleAccessor.java:67)
	at java.base/java.lang.reflect.Constructor.newInstanceWithCaller(Constructor.java:500)
	at java.base/java.lang.reflect.Constructor.newInstance(Constructor.java:484)
	at org.openqa.selenium.remote.codec.w3c.W3CHttpResponseCodec.createException(W3CHttpResponseCodec.java:200)
	at org.openqa.selenium.remote.codec.w3c.W3CHttpResponseCodec.decode(W3CHttpResponseCodec.java:133)
	at org.openqa.selenium.remote.codec.w3c.W3CHttpResponseCodec.decode(W3CHttpResponseCodec.java:52)
	at org.openqa.selenium.remote.HttpCommandExecutor.execute(HttpCommandExecutor.java:191)
	at org.openqa.selenium.remote.service.DriverCommandExecutor.invokeExecute(DriverCommandExecutor.java:196)
	at org.openqa.selenium.remote.service.DriverCommandExecutor.execute(DriverCommandExecutor.java:171)
	at org.openqa.selenium.remote.RemoteWebDriver.execute(RemoteWebDriver.java:602)
	at org.openqa.selenium.remote.RemoteWebDriver.execute(RemoteWebDriver.java:675)
	at org.openqa.selenium.remote.RemoteWebDriver.execute(RemoteWebDriver.java:679)
	at org.openqa.selenium.remote.RemoteWebDriver$RemoteTargetLocator.alert(RemoteWebDriver.java:1191)
	at PageObjects.ArrayPage.getErrorText(ArrayPage.java:122)
	at StepDefinitions.ArrayStepDefinition.the_user_should_be_presented_with_error_result(ArrayStepDefinition.java:122)
	at ✽.The user should be presented with error result(file:///Users/jibyraju/eclipse-workspace/Project_Presentation/src/test/resources/features/Queue.feature:84)
</div></td></tr></table><p class="totop"><a href="#summary">back to summary</a></p>
<h3 id="m5">Runner.TestRunner#runScenario</h3><table class="result"><tr class="param"><th>Parameter #1</th><th>Parameter #2</th></tr><tr class="param stripe"><td>&quot;The user is presented with error message for code with invalid syntax in tryEditor for Implementation of Queue page&quot;</td><td>&quot;Testing the Tree Page&quot;</td></tr><tr><th colspan="2">Exception</th></tr><tr><td colspan="2"><div class="stacktrace">org.openqa.selenium.NoAlertPresentException: Build info: version: &apos;4.12.1&apos;, revision: &apos;8e34639b11&apos;
System info: os.name: &apos;Mac OS X&apos;, os.arch: &apos;aarch64&apos;, os.version: &apos;13.5.2&apos;, java.version: &apos;20.0.2&apos;
Driver info: org.openqa.selenium.firefox.FirefoxDriver
Command: [78c38201-c377-4508-87eb-42c0ddf43e75, getAlertText {}]
Capabilities {acceptInsecureCerts: true, browserName: firefox, browserVersion: 118.0.1, moz:accessibilityChecks: false, moz:buildID: 20230927232528, moz:debuggerAddress: 127.0.0.1:16524, moz:geckodriverVersion: 0.33.0, moz:headless: false, moz:platformVersion: 22.6.0, moz:processID: 96943, moz:profile: /var/folders/x3/28px5q393bv..., moz:shutdownTimeout: 60000, moz:webdriverClick: true, moz:windowless: false, pageLoadStrategy: normal, platformName: mac, proxy: Proxy(), se:cdp: ws://127.0.0.1:16524/devtoo..., se:cdpVersion: 85.0, setWindowRect: true, strictFileInteractability: false, timeouts: {implicit: 0, pageLoad: 300000, script: 30000}, unhandledPromptBehavior: dismiss and notify}
Session ID: 78c38201-c377-4508-87eb-42c0ddf43e75
	at java.base/jdk.internal.reflect.DirectConstructorHandleAccessor.newInstance(DirectConstructorHandleAccessor.java:67)
	at java.base/java.lang.reflect.Constructor.newInstanceWithCaller(Constructor.java:500)
	at java.base/java.lang.reflect.Constructor.newInstance(Constructor.java:484)
	at org.openqa.selenium.remote.codec.w3c.W3CHttpResponseCodec.createException(W3CHttpResponseCodec.java:200)
	at org.openqa.selenium.remote.codec.w3c.W3CHttpResponseCodec.decode(W3CHttpResponseCodec.java:133)
	at org.openqa.selenium.remote.codec.w3c.W3CHttpResponseCodec.decode(W3CHttpResponseCodec.java:52)
	at org.openqa.selenium.remote.HttpCommandExecutor.execute(HttpCommandExecutor.java:191)
	at org.openqa.selenium.remote.service.DriverCommandExecutor.invokeExecute(DriverCommandExecutor.java:196)
	at org.openqa.selenium.remote.service.DriverCommandExecutor.execute(DriverCommandExecutor.java:171)
	at org.openqa.selenium.remote.RemoteWebDriver.execute(RemoteWebDriver.java:602)
	at org.openqa.selenium.remote.RemoteWebDriver.execute(RemoteWebDriver.java:675)
	at org.openqa.selenium.remote.RemoteWebDriver.execute(RemoteWebDriver.java:679)
	at org.openqa.selenium.remote.RemoteWebDriver$RemoteTargetLocator.alert(RemoteWebDriver.java:1191)
	at PageObjects.ArrayPage.getErrorText(ArrayPage.java:122)
	at StepDefinitions.ArrayStepDefinition.the_user_should_be_presented_with_error_result(ArrayStepDefinition.java:122)
	at ✽.The user should be presented with error result(file:///Users/jibyraju/eclipse-workspace/Project_Presentation/src/test/resources/features/Tree.feature:313)
</div></td></tr></table><p class="totop"><a href="#summary">back to summary</a></p>
<h3 id="m6">Runner.TestRunner#runScenario</h3><table class="result"><tr class="param"><th>Parameter #1</th><th>Parameter #2</th></tr><tr class="param stripe"><td>&quot;The user is presented with error message for code with invalid syntax in tryEditor for Implementation of Queue page&quot;</td><td>&quot;Testing the Tree Page&quot;</td></tr><tr><th colspan="2">Exception</th></tr><tr><td colspan="2"><div class="stacktrace">org.openqa.selenium.NoAlertPresentException: Build info: version: &apos;4.12.1&apos;, revision: &apos;8e34639b11&apos;
System info: os.name: &apos;Mac OS X&apos;, os.arch: &apos;aarch64&apos;, os.version: &apos;13.5.2&apos;, java.version: &apos;20.0.2&apos;
Driver info: org.openqa.selenium.firefox.FirefoxDriver
Command: [78c38201-c377-4508-87eb-42c0ddf43e75, getAlertText {}]
Capabilities {acceptInsecureCerts: true, browserName: firefox, browserVersion: 118.0.1, moz:accessibilityChecks: false, moz:buildID: 20230927232528, moz:debuggerAddress: 127.0.0.1:16524, moz:geckodriverVersion: 0.33.0, moz:headless: false, moz:platformVersion: 22.6.0, moz:processID: 96943, moz:profile: /var/folders/x3/28px5q393bv..., moz:shutdownTimeout: 60000, moz:webdriverClick: true, moz:windowless: false, pageLoadStrategy: normal, platformName: mac, proxy: Proxy(), se:cdp: ws://127.0.0.1:16524/devtoo..., se:cdpVersion: 85.0, setWindowRect: true, strictFileInteractability: false, timeouts: {implicit: 0, pageLoad: 300000, script: 30000}, unhandledPromptBehavior: dismiss and notify}
Session ID: 78c38201-c377-4508-87eb-42c0ddf43e75
	at java.base/jdk.internal.reflect.DirectConstructorHandleAccessor.newInstance(DirectConstructorHandleAccessor.java:67)
	at java.base/java.lang.reflect.Constructor.newInstanceWithCaller(Constructor.java:500)
	at java.base/java.lang.reflect.Constructor.newInstance(Constructor.java:484)
	at org.openqa.selenium.remote.codec.w3c.W3CHttpResponseCodec.createException(W3CHttpResponseCodec.java:200)
	at org.openqa.selenium.remote.codec.w3c.W3CHttpResponseCodec.decode(W3CHttpResponseCodec.java:133)
	at org.openqa.selenium.remote.codec.w3c.W3CHttpResponseCodec.decode(W3CHttpResponseCodec.java:52)
	at org.openqa.selenium.remote.HttpCommandExecutor.execute(HttpCommandExecutor.java:191)
	at org.openqa.selenium.remote.service.DriverCommandExecutor.invokeExecute(DriverCommandExecutor.java:196)
	at org.openqa.selenium.remote.service.DriverCommandExecutor.execute(DriverCommandExecutor.java:171)
	at org.openqa.selenium.remote.RemoteWebDriver.execute(RemoteWebDriver.java:602)
	at org.openqa.selenium.remote.RemoteWebDriver.execute(RemoteWebDriver.java:675)
	at org.openqa.selenium.remote.RemoteWebDriver.execute(RemoteWebDriver.java:679)
	at org.openqa.selenium.remote.RemoteWebDriver$RemoteTargetLocator.alert(RemoteWebDriver.java:1191)
	at PageObjects.ArrayPage.getErrorText(ArrayPage.java:122)
	at StepDefinitions.ArrayStepDefinition.the_user_should_be_presented_with_error_result(ArrayStepDefinition.java:122)
	at ✽.The user should be presented with error result(file:///Users/jibyraju/eclipse-workspace/Project_Presentation/src/test/resources/features/Tree.feature:229)
</div></td></tr></table><p class="totop"><a href="#summary">back to summary</a></p>
<h3 id="m7">Runner.TestRunner#runScenario</h3><table class="result"><tr class="param"><th>Parameter #1</th><th>Parameter #2</th></tr><tr class="param stripe"><td>&quot;The user is able to run code in tryEditor for Squares of a Sorted Array&quot;</td><td>&quot;User is on Array Page&quot;</td></tr><tr><th colspan="2">Exception</th></tr><tr><td colspan="2"><div class="stacktrace">org.openqa.selenium.UnhandledAlertException: Dismissed user prompt dialog: SyntaxError: bad input on line 1: 
Build info: version: &apos;4.12.1&apos;, revision: &apos;8e34639b11&apos;
System info: os.name: &apos;Mac OS X&apos;, os.arch: &apos;aarch64&apos;, os.version: &apos;13.5.2&apos;, java.version: &apos;20.0.2&apos;
Driver info: org.openqa.selenium.firefox.FirefoxDriver
Command: [78c38201-c377-4508-87eb-42c0ddf43e75, findElement {using=xpath, value=//pre[@id=&apos;output&apos;]}]
Capabilities {acceptInsecureCerts: true, browserName: firefox, browserVersion: 118.0.1, moz:accessibilityChecks: false, moz:buildID: 20230927232528, moz:debuggerAddress: 127.0.0.1:16524, moz:geckodriverVersion: 0.33.0, moz:headless: false, moz:platformVersion: 22.6.0, moz:processID: 96943, moz:profile: /var/folders/x3/28px5q393bv..., moz:shutdownTimeout: 60000, moz:webdriverClick: true, moz:windowless: false, pageLoadStrategy: normal, platformName: mac, proxy: Proxy(), se:cdp: ws://127.0.0.1:16524/devtoo..., se:cdpVersion: 85.0, setWindowRect: true, strictFileInteractability: false, timeouts: {implicit: 0, pageLoad: 300000, script: 30000}, unhandledPromptBehavior: dismiss and notify}
Session ID: 78c38201-c377-4508-87eb-42c0ddf43e75
	at org.openqa.selenium.remote.codec.w3c.W3CHttpResponseCodec.decode(W3CHttpResponseCodec.java:131)
	at org.openqa.selenium.remote.codec.w3c.W3CHttpResponseCodec.decode(W3CHttpResponseCodec.java:52)
	at org.openqa.selenium.remote.HttpCommandExecutor.execute(HttpCommandExecutor.java:191)
	at org.openqa.selenium.remote.service.DriverCommandExecutor.invokeExecute(DriverCommandExecutor.java:196)
	at org.openqa.selenium.remote.service.DriverCommandExecutor.execute(DriverCommandExecutor.java:171)
	at org.openqa.selenium.remote.RemoteWebDriver.execute(RemoteWebDriver.java:602)
	at org.openqa.selenium.remote.ElementLocation$ElementFinder$2.findElement(ElementLocation.java:165)
	at org.openqa.selenium.remote.ElementLocation.findElement(ElementLocation.java:59)
	at org.openqa.selenium.remote.RemoteWebDriver.findElement(RemoteWebDriver.java:359)
	at org.openqa.selenium.remote.RemoteWebDriver.findElement(RemoteWebDriver.java:353)
	at org.openqa.selenium.support.pagefactory.DefaultElementLocator.findElement(DefaultElementLocator.java:68)
	at org.openqa.selenium.support.pagefactory.internal.LocatingElementHandler.invoke(LocatingElementHandler.java:38)
	at jdk.proxy2/jdk.proxy2.$Proxy61.getText(Unknown Source)
	at PageObjects.ArrayPage.getOutput(ArrayPage.java:116)
	at StepDefinitions.ArrayStepDefinition.the_user_should_be_presented_with_run_result(ArrayStepDefinition.java:105)
	at ✽.The user should be presented with Run result(file:///Users/jibyraju/eclipse-workspace/Project_Presentation/src/test/resources/features/Array.feature:286)
</div></td></tr></table><p class="totop"><a href="#summary">back to summary</a></p>
<h3 id="m8">Runner.TestRunner#runScenario</h3><table class="result"><tr class="param"><th>Parameter #1</th><th>Parameter #2</th></tr><tr class="param stripe"><td>&quot;The user is presented with error message for code with invalid syntax in tryEditor for Implementation of Queue page&quot;</td><td>&quot;User is on Queue Page&quot;</td></tr><tr><th colspan="2">Exception</th></tr><tr><td colspan="2"><div class="stacktrace">org.openqa.selenium.NoAlertPresentException: Build info: version: &apos;4.12.1&apos;, revision: &apos;8e34639b11&apos;
System info: os.name: &apos;Mac OS X&apos;, os.arch: &apos;aarch64&apos;, os.version: &apos;13.5.2&apos;, java.version: &apos;20.0.2&apos;
Driver info: org.openqa.selenium.firefox.FirefoxDriver
Command: [78c38201-c377-4508-87eb-42c0ddf43e75, getAlertText {}]
Capabilities {acceptInsecureCerts: true, browserName: firefox, browserVersion: 118.0.1, moz:accessibilityChecks: false, moz:buildID: 20230927232528, moz:debuggerAddress: 127.0.0.1:16524, moz:geckodriverVersion: 0.33.0, moz:headless: false, moz:platformVersion: 22.6.0, moz:processID: 96943, moz:profile: /var/folders/x3/28px5q393bv..., moz:shutdownTimeout: 60000, moz:webdriverClick: true, moz:windowless: false, pageLoadStrategy: normal, platformName: mac, proxy: Proxy(), se:cdp: ws://127.0.0.1:16524/devtoo..., se:cdpVersion: 85.0, setWindowRect: true, strictFileInteractability: false, timeouts: {implicit: 0, pageLoad: 300000, script: 30000}, unhandledPromptBehavior: dismiss and notify}
Session ID: 78c38201-c377-4508-87eb-42c0ddf43e75
	at java.base/jdk.internal.reflect.DirectConstructorHandleAccessor.newInstance(DirectConstructorHandleAccessor.java:67)
	at java.base/java.lang.reflect.Constructor.newInstanceWithCaller(Constructor.java:500)
	at java.base/java.lang.reflect.Constructor.newInstance(Constructor.java:484)
	at org.openqa.selenium.remote.codec.w3c.W3CHttpResponseCodec.createException(W3CHttpResponseCodec.java:200)
	at org.openqa.selenium.remote.codec.w3c.W3CHttpResponseCodec.decode(W3CHttpResponseCodec.java:133)
	at org.openqa.selenium.remote.codec.w3c.W3CHttpResponseCodec.decode(W3CHttpResponseCodec.java:52)
	at org.openqa.selenium.remote.HttpCommandExecutor.execute(HttpCommandExecutor.java:191)
	at org.openqa.selenium.remote.service.DriverCommandExecutor.invokeExecute(DriverCommandExecutor.java:196)
	at org.openqa.selenium.remote.service.DriverCommandExecutor.execute(DriverCommandExecutor.java:171)
	at org.openqa.selenium.remote.RemoteWebDriver.execute(RemoteWebDriver.java:602)
	at org.openqa.selenium.remote.RemoteWebDriver.execute(RemoteWebDriver.java:675)
	at org.openqa.selenium.remote.RemoteWebDriver.execute(RemoteWebDriver.java:679)
	at org.openqa.selenium.remote.RemoteWebDriver$RemoteTargetLocator.alert(RemoteWebDriver.java:1191)
	at PageObjects.ArrayPage.getErrorText(ArrayPage.java:122)
	at StepDefinitions.ArrayStepDefinition.the_user_should_be_presented_with_error_result(ArrayStepDefinition.java:122)
	at ✽.The user should be presented with error result(file:///Users/jibyraju/eclipse-workspace/Project_Presentation/src/test/resources/features/Queue.feature:28)
</div></td></tr></table><p class="totop"><a href="#summary">back to summary</a></p>
<h3 id="m9">Runner.TestRunner#runScenario</h3><table class="result"><tr class="param"><th>Parameter #1</th><th>Parameter #2</th></tr><tr class="param stripe"><td>&quot;The user getting error message with invalid python code for Insertion page&quot;</td><td>&quot;User is on LinkedList page&quot;</td></tr><tr><th colspan="2">Exception</th></tr><tr><td colspan="2"><div class="stacktrace">org.openqa.selenium.NoAlertPresentException: Build info: version: &apos;4.12.1&apos;, revision: &apos;8e34639b11&apos;
System info: os.name: &apos;Mac OS X&apos;, os.arch: &apos;aarch64&apos;, os.version: &apos;13.5.2&apos;, java.version: &apos;20.0.2&apos;
Driver info: org.openqa.selenium.firefox.FirefoxDriver
Command: [78c38201-c377-4508-87eb-42c0ddf43e75, getAlertText {}]
Capabilities {acceptInsecureCerts: true, browserName: firefox, browserVersion: 118.0.1, moz:accessibilityChecks: false, moz:buildID: 20230927232528, moz:debuggerAddress: 127.0.0.1:16524, moz:geckodriverVersion: 0.33.0, moz:headless: false, moz:platformVersion: 22.6.0, moz:processID: 96943, moz:profile: /var/folders/x3/28px5q393bv..., moz:shutdownTimeout: 60000, moz:webdriverClick: true, moz:windowless: false, pageLoadStrategy: normal, platformName: mac, proxy: Proxy(), se:cdp: ws://127.0.0.1:16524/devtoo..., se:cdpVersion: 85.0, setWindowRect: true, strictFileInteractability: false, timeouts: {implicit: 0, pageLoad: 300000, script: 30000}, unhandledPromptBehavior: dismiss and notify}
Session ID: 78c38201-c377-4508-87eb-42c0ddf43e75
	at java.base/jdk.internal.reflect.DirectConstructorHandleAccessor.newInstance(DirectConstructorHandleAccessor.java:67)
	at java.base/java.lang.reflect.Constructor.newInstanceWithCaller(Constructor.java:500)
	at java.base/java.lang.reflect.Constructor.newInstance(Constructor.java:484)
	at org.openqa.selenium.remote.codec.w3c.W3CHttpResponseCodec.createException(W3CHttpResponseCodec.java:200)
	at org.openqa.selenium.remote.codec.w3c.W3CHttpResponseCodec.decode(W3CHttpResponseCodec.java:133)
	at org.openqa.selenium.remote.codec.w3c.W3CHttpResponseCodec.decode(W3CHttpResponseCodec.java:52)
	at org.openqa.selenium.remote.HttpCommandExecutor.execute(HttpCommandExecutor.java:191)
	at org.openqa.selenium.remote.service.DriverCommandExecutor.invokeExecute(DriverCommandExecutor.java:196)
	at org.openqa.selenium.remote.service.DriverCommandExecutor.execute(DriverCommandExecutor.java:171)
	at org.openqa.selenium.remote.RemoteWebDriver.execute(RemoteWebDriver.java:602)
	at org.openqa.selenium.remote.RemoteWebDriver.execute(RemoteWebDriver.java:675)
	at org.openqa.selenium.remote.RemoteWebDriver.execute(RemoteWebDriver.java:679)
	at org.openqa.selenium.remote.RemoteWebDriver$RemoteTargetLocator.alert(RemoteWebDriver.java:1191)
	at PageObjects.LinkedListPage.getErrorText(LinkedListPage.java:118)
	at StepDefinitions.LinkedListStepDefinition.the_user_get_the_error_message(LinkedListStepDefinition.java:94)
	at ✽.The user get the error message(file:///Users/jibyraju/eclipse-workspace/Project_Presentation/src/test/resources/features/LinkedList.feature:202)
</div></td></tr></table><p class="totop"><a href="#summary">back to summary</a></p>
<h3 id="m10">Runner.TestRunner#runScenario</h3><table class="result"><tr class="param"><th>Parameter #1</th><th>Parameter #2</th></tr><tr class="param stripe"><td>&quot;The user is presented with error message for invalid code in tryEditor for Squares of a Sorted Array&quot;</td><td>&quot;User is on Array Page&quot;</td></tr><tr><th colspan="2">Exception</th></tr><tr><td colspan="2"><div class="stacktrace">java.lang.AssertionError: Result do not match expected [NameError: name &apos;hello&apos; is not defined on line 1] but found [SyntaxError: bad input on line 1]
	at org.testng.Assert.fail(Assert.java:111)
	at org.testng.Assert.failNotEquals(Assert.java:1578)
	at org.testng.Assert.assertEqualsImpl(Assert.java:150)
	at org.testng.Assert.assertEquals(Assert.java:132)
	at org.testng.Assert.assertEquals(Assert.java:656)
	at StepDefinitions.ArrayStepDefinition.the_user_should_be_presented_with_error_result(ArrayStepDefinition.java:125)
	at ✽.The user should be presented with error result(file:///Users/jibyraju/eclipse-workspace/Project_Presentation/src/test/resources/features/Array.feature:308)
</div></td></tr></table><p class="totop"><a href="#summary">back to summary</a></p>
<h3 id="m11">Runner.TestRunner#runScenario</h3><table class="result"><tr class="param"><th>Parameter #1</th><th>Parameter #2</th></tr><tr class="param stripe"><td>&quot;The user is presented with error message for code with invalid syntax in tryEditor for Implementation of Queue page&quot;</td><td>&quot;Testing the Stack Page&quot;</td></tr><tr><th colspan="2">Exception</th></tr><tr><td colspan="2"><div class="stacktrace">org.openqa.selenium.NoAlertPresentException: Build info: version: &apos;4.12.1&apos;, revision: &apos;8e34639b11&apos;
System info: os.name: &apos;Mac OS X&apos;, os.arch: &apos;aarch64&apos;, os.version: &apos;13.5.2&apos;, java.version: &apos;20.0.2&apos;
Driver info: org.openqa.selenium.firefox.FirefoxDriver
Command: [78c38201-c377-4508-87eb-42c0ddf43e75, getAlertText {}]
Capabilities {acceptInsecureCerts: true, browserName: firefox, browserVersion: 118.0.1, moz:accessibilityChecks: false, moz:buildID: 20230927232528, moz:debuggerAddress: 127.0.0.1:16524, moz:geckodriverVersion: 0.33.0, moz:headless: false, moz:platformVersion: 22.6.0, moz:processID: 96943, moz:profile: /var/folders/x3/28px5q393bv..., moz:shutdownTimeout: 60000, moz:webdriverClick: true, moz:windowless: false, pageLoadStrategy: normal, platformName: mac, proxy: Proxy(), se:cdp: ws://127.0.0.1:16524/devtoo..., se:cdpVersion: 85.0, setWindowRect: true, strictFileInteractability: false, timeouts: {implicit: 0, pageLoad: 300000, script: 30000}, unhandledPromptBehavior: dismiss and notify}
Session ID: 78c38201-c377-4508-87eb-42c0ddf43e75
	at java.base/jdk.internal.reflect.DirectConstructorHandleAccessor.newInstance(DirectConstructorHandleAccessor.java:67)
	at java.base/java.lang.reflect.Constructor.newInstanceWithCaller(Constructor.java:500)
	at java.base/java.lang.reflect.Constructor.newInstance(Constructor.java:484)
	at org.openqa.selenium.remote.codec.w3c.W3CHttpResponseCodec.createException(W3CHttpResponseCodec.java:200)
	at org.openqa.selenium.remote.codec.w3c.W3CHttpResponseCodec.decode(W3CHttpResponseCodec.java:133)
	at org.openqa.selenium.remote.codec.w3c.W3CHttpResponseCodec.decode(W3CHttpResponseCodec.java:52)
	at org.openqa.selenium.remote.HttpCommandExecutor.execute(HttpCommandExecutor.java:191)
	at org.openqa.selenium.remote.service.DriverCommandExecutor.invokeExecute(DriverCommandExecutor.java:196)
	at org.openqa.selenium.remote.service.DriverCommandExecutor.execute(DriverCommandExecutor.java:171)
	at org.openqa.selenium.remote.RemoteWebDriver.execute(RemoteWebDriver.java:602)
	at org.openqa.selenium.remote.RemoteWebDriver.execute(RemoteWebDriver.java:675)
	at org.openqa.selenium.remote.RemoteWebDriver.execute(RemoteWebDriver.java:679)
	at org.openqa.selenium.remote.RemoteWebDriver$RemoteTargetLocator.alert(RemoteWebDriver.java:1191)
	at PageObjects.ArrayPage.getErrorText(ArrayPage.java:122)
	at StepDefinitions.ArrayStepDefinition.the_user_should_be_presented_with_error_result(ArrayStepDefinition.java:122)
	at ✽.The user should be presented with error result(file:///Users/jibyraju/eclipse-workspace/Project_Presentation/src/test/resources/features/Stack.feature:26)
</div></td></tr></table><p class="totop"><a href="#summary">back to summary</a></p>
<h3 id="m12">Runner.TestRunner#runScenario</h3><table class="result"><tr class="param"><th>Parameter #1</th><th>Parameter #2</th></tr><tr class="param stripe"><td>&quot;The user is able to run code in tryEditor for Max Consecutive Ones&quot;</td><td>&quot;User is on Array Page&quot;</td></tr><tr><th colspan="2">Exception</th></tr><tr><td colspan="2"><div class="stacktrace">org.openqa.selenium.UnhandledAlertException: Dismissed user prompt dialog: SyntaxError: bad input on line 1: 
Build info: version: &apos;4.12.1&apos;, revision: &apos;8e34639b11&apos;
System info: os.name: &apos;Mac OS X&apos;, os.arch: &apos;aarch64&apos;, os.version: &apos;13.5.2&apos;, java.version: &apos;20.0.2&apos;
Driver info: org.openqa.selenium.firefox.FirefoxDriver
Command: [78c38201-c377-4508-87eb-42c0ddf43e75, findElement {using=xpath, value=//pre[@id=&apos;output&apos;]}]
Capabilities {acceptInsecureCerts: true, browserName: firefox, browserVersion: 118.0.1, moz:accessibilityChecks: false, moz:buildID: 20230927232528, moz:debuggerAddress: 127.0.0.1:16524, moz:geckodriverVersion: 0.33.0, moz:headless: false, moz:platformVersion: 22.6.0, moz:processID: 96943, moz:profile: /var/folders/x3/28px5q393bv..., moz:shutdownTimeout: 60000, moz:webdriverClick: true, moz:windowless: false, pageLoadStrategy: normal, platformName: mac, proxy: Proxy(), se:cdp: ws://127.0.0.1:16524/devtoo..., se:cdpVersion: 85.0, setWindowRect: true, strictFileInteractability: false, timeouts: {implicit: 0, pageLoad: 300000, script: 30000}, unhandledPromptBehavior: dismiss and notify}
Session ID: 78c38201-c377-4508-87eb-42c0ddf43e75
	at org.openqa.selenium.remote.codec.w3c.W3CHttpResponseCodec.decode(W3CHttpResponseCodec.java:131)
	at org.openqa.selenium.remote.codec.w3c.W3CHttpResponseCodec.decode(W3CHttpResponseCodec.java:52)
	at org.openqa.selenium.remote.HttpCommandExecutor.execute(HttpCommandExecutor.java:191)
	at org.openqa.selenium.remote.service.DriverCommandExecutor.invokeExecute(DriverCommandExecutor.java:196)
	at org.openqa.selenium.remote.service.DriverCommandExecutor.execute(DriverCommandExecutor.java:171)
	at org.openqa.selenium.remote.RemoteWebDriver.execute(RemoteWebDriver.java:602)
	at org.openqa.selenium.remote.ElementLocation$ElementFinder$2.findElement(ElementLocation.java:165)
	at org.openqa.selenium.remote.ElementLocation.findElement(ElementLocation.java:59)
	at org.openqa.selenium.remote.RemoteWebDriver.findElement(RemoteWebDriver.java:359)
	at org.openqa.selenium.remote.RemoteWebDriver.findElement(RemoteWebDriver.java:353)
	at org.openqa.selenium.support.pagefactory.DefaultElementLocator.findElement(DefaultElementLocator.java:68)
	at org.openqa.selenium.support.pagefactory.internal.LocatingElementHandler.invoke(LocatingElementHandler.java:38)
	at jdk.proxy2/jdk.proxy2.$Proxy61.getText(Unknown Source)
	at PageObjects.ArrayPage.getOutput(ArrayPage.java:116)
	at StepDefinitions.ArrayStepDefinition.the_user_should_be_presented_with_run_result(ArrayStepDefinition.java:105)
	at ✽.The user should be presented with Run result(file:///Users/jibyraju/eclipse-workspace/Project_Presentation/src/test/resources/features/Array.feature:208)
</div></td></tr></table><p class="totop"><a href="#summary">back to summary</a></p>
<h3 id="m13">Runner.TestRunner#runScenario</h3><table class="result"><tr class="param"><th>Parameter #1</th><th>Parameter #2</th></tr><tr class="param stripe"><td>&quot;The user is able to run code in tryEditor for Find Numbers with Even Number of Digits&quot;</td><td>&quot;User is on Array Page&quot;</td></tr><tr><th colspan="2">Exception</th></tr><tr><td colspan="2"><div class="stacktrace">org.openqa.selenium.UnhandledAlertException: Dismissed user prompt dialog: SyntaxError: bad input on line 1: 
Build info: version: &apos;4.12.1&apos;, revision: &apos;8e34639b11&apos;
System info: os.name: &apos;Mac OS X&apos;, os.arch: &apos;aarch64&apos;, os.version: &apos;13.5.2&apos;, java.version: &apos;20.0.2&apos;
Driver info: org.openqa.selenium.firefox.FirefoxDriver
Command: [78c38201-c377-4508-87eb-42c0ddf43e75, findElement {using=xpath, value=//pre[@id=&apos;output&apos;]}]
Capabilities {acceptInsecureCerts: true, browserName: firefox, browserVersion: 118.0.1, moz:accessibilityChecks: false, moz:buildID: 20230927232528, moz:debuggerAddress: 127.0.0.1:16524, moz:geckodriverVersion: 0.33.0, moz:headless: false, moz:platformVersion: 22.6.0, moz:processID: 96943, moz:profile: /var/folders/x3/28px5q393bv..., moz:shutdownTimeout: 60000, moz:webdriverClick: true, moz:windowless: false, pageLoadStrategy: normal, platformName: mac, proxy: Proxy(), se:cdp: ws://127.0.0.1:16524/devtoo..., se:cdpVersion: 85.0, setWindowRect: true, strictFileInteractability: false, timeouts: {implicit: 0, pageLoad: 300000, script: 30000}, unhandledPromptBehavior: dismiss and notify}
Session ID: 78c38201-c377-4508-87eb-42c0ddf43e75
	at org.openqa.selenium.remote.codec.w3c.W3CHttpResponseCodec.decode(W3CHttpResponseCodec.java:131)
	at org.openqa.selenium.remote.codec.w3c.W3CHttpResponseCodec.decode(W3CHttpResponseCodec.java:52)
	at org.openqa.selenium.remote.HttpCommandExecutor.execute(HttpCommandExecutor.java:191)
	at org.openqa.selenium.remote.service.DriverCommandExecutor.invokeExecute(DriverCommandExecutor.java:196)
	at org.openqa.selenium.remote.service.DriverCommandExecutor.execute(DriverCommandExecutor.java:171)
	at org.openqa.selenium.remote.RemoteWebDriver.execute(RemoteWebDriver.java:602)
	at org.openqa.selenium.remote.ElementLocation$ElementFinder$2.findElement(ElementLocation.java:165)
	at org.openqa.selenium.remote.ElementLocation.findElement(ElementLocation.java:59)
	at org.openqa.selenium.remote.RemoteWebDriver.findElement(RemoteWebDriver.java:359)
	at org.openqa.selenium.remote.RemoteWebDriver.findElement(RemoteWebDriver.java:353)
	at org.openqa.selenium.support.pagefactory.DefaultElementLocator.findElement(DefaultElementLocator.java:68)
	at org.openqa.selenium.support.pagefactory.internal.LocatingElementHandler.invoke(LocatingElementHandler.java:38)
	at jdk.proxy2/jdk.proxy2.$Proxy61.getText(Unknown Source)
	at PageObjects.ArrayPage.getOutput(ArrayPage.java:116)
	at StepDefinitions.ArrayStepDefinition.the_user_should_be_presented_with_run_result(ArrayStepDefinition.java:105)
	at ✽.The user should be presented with Run result(file:///Users/jibyraju/eclipse-workspace/Project_Presentation/src/test/resources/features/Array.feature:247)
</div></td></tr></table><p class="totop"><a href="#summary">back to summary</a></p>
<h3 id="m14">Runner.TestRunner#runScenario</h3><table class="result"><tr class="param"><th>Parameter #1</th><th>Parameter #2</th></tr><tr class="param stripe"><td>&quot;The user is presented with error message for code with invalid syntax in tryEditor for Implementation of Queue page&quot;</td><td>&quot;Testing the Tree Page&quot;</td></tr><tr><th colspan="2">Exception</th></tr><tr><td colspan="2"><div class="stacktrace">org.openqa.selenium.NoAlertPresentException: Build info: version: &apos;4.12.1&apos;, revision: &apos;8e34639b11&apos;
System info: os.name: &apos;Mac OS X&apos;, os.arch: &apos;aarch64&apos;, os.version: &apos;13.5.2&apos;, java.version: &apos;20.0.2&apos;
Driver info: org.openqa.selenium.firefox.FirefoxDriver
Command: [78c38201-c377-4508-87eb-42c0ddf43e75, getAlertText {}]
Capabilities {acceptInsecureCerts: true, browserName: firefox, browserVersion: 118.0.1, moz:accessibilityChecks: false, moz:buildID: 20230927232528, moz:debuggerAddress: 127.0.0.1:16524, moz:geckodriverVersion: 0.33.0, moz:headless: false, moz:platformVersion: 22.6.0, moz:processID: 96943, moz:profile: /var/folders/x3/28px5q393bv..., moz:shutdownTimeout: 60000, moz:webdriverClick: true, moz:windowless: false, pageLoadStrategy: normal, platformName: mac, proxy: Proxy(), se:cdp: ws://127.0.0.1:16524/devtoo..., se:cdpVersion: 85.0, setWindowRect: true, strictFileInteractability: false, timeouts: {implicit: 0, pageLoad: 300000, script: 30000}, unhandledPromptBehavior: dismiss and notify}
Session ID: 78c38201-c377-4508-87eb-42c0ddf43e75
	at java.base/jdk.internal.reflect.DirectConstructorHandleAccessor.newInstance(DirectConstructorHandleAccessor.java:67)
	at java.base/java.lang.reflect.Constructor.newInstanceWithCaller(Constructor.java:500)
	at java.base/java.lang.reflect.Constructor.newInstance(Constructor.java:484)
	at org.openqa.selenium.remote.codec.w3c.W3CHttpResponseCodec.createException(W3CHttpResponseCodec.java:200)
	at org.openqa.selenium.remote.codec.w3c.W3CHttpResponseCodec.decode(W3CHttpResponseCodec.java:133)
	at org.openqa.selenium.remote.codec.w3c.W3CHttpResponseCodec.decode(W3CHttpResponseCodec.java:52)
	at org.openqa.selenium.remote.HttpCommandExecutor.execute(HttpCommandExecutor.java:191)
	at org.openqa.selenium.remote.service.DriverCommandExecutor.invokeExecute(DriverCommandExecutor.java:196)
	at org.openqa.selenium.remote.service.DriverCommandExecutor.execute(DriverCommandExecutor.java:171)
	at org.openqa.selenium.remote.RemoteWebDriver.execute(RemoteWebDriver.java:602)
	at org.openqa.selenium.remote.RemoteWebDriver.execute(RemoteWebDriver.java:675)
	at org.openqa.selenium.remote.RemoteWebDriver.execute(RemoteWebDriver.java:679)
	at org.openqa.selenium.remote.RemoteWebDriver$RemoteTargetLocator.alert(RemoteWebDriver.java:1191)
	at PageObjects.ArrayPage.getErrorText(ArrayPage.java:122)
	at StepDefinitions.ArrayStepDefinition.the_user_should_be_presented_with_error_result(ArrayStepDefinition.java:122)
	at ✽.The user should be presented with error result(file:///Users/jibyraju/eclipse-workspace/Project_Presentation/src/test/resources/features/Tree.feature:115)
</div></td></tr></table><p class="totop"><a href="#summary">back to summary</a></p>
<h3 id="m15">Runner.TestRunner#runScenario</h3><table class="result"><tr class="param"><th>Parameter #1</th><th>Parameter #2</th></tr><tr class="param stripe"><td>&quot;The user is presented with error message for code with invalid syntax in tryEditor for Tree page&quot;</td><td>&quot;Testing the Tree Page&quot;</td></tr><tr><th colspan="2">Exception</th></tr><tr><td colspan="2"><div class="stacktrace">org.openqa.selenium.NoAlertPresentException: Build info: version: &apos;4.12.1&apos;, revision: &apos;8e34639b11&apos;
System info: os.name: &apos;Mac OS X&apos;, os.arch: &apos;aarch64&apos;, os.version: &apos;13.5.2&apos;, java.version: &apos;20.0.2&apos;
Driver info: org.openqa.selenium.firefox.FirefoxDriver
Command: [78c38201-c377-4508-87eb-42c0ddf43e75, getAlertText {}]
Capabilities {acceptInsecureCerts: true, browserName: firefox, browserVersion: 118.0.1, moz:accessibilityChecks: false, moz:buildID: 20230927232528, moz:debuggerAddress: 127.0.0.1:16524, moz:geckodriverVersion: 0.33.0, moz:headless: false, moz:platformVersion: 22.6.0, moz:processID: 96943, moz:profile: /var/folders/x3/28px5q393bv..., moz:shutdownTimeout: 60000, moz:webdriverClick: true, moz:windowless: false, pageLoadStrategy: normal, platformName: mac, proxy: Proxy(), se:cdp: ws://127.0.0.1:16524/devtoo..., se:cdpVersion: 85.0, setWindowRect: true, strictFileInteractability: false, timeouts: {implicit: 0, pageLoad: 300000, script: 30000}, unhandledPromptBehavior: dismiss and notify}
Session ID: 78c38201-c377-4508-87eb-42c0ddf43e75
	at java.base/jdk.internal.reflect.DirectConstructorHandleAccessor.newInstance(DirectConstructorHandleAccessor.java:67)
	at java.base/java.lang.reflect.Constructor.newInstanceWithCaller(Constructor.java:500)
	at java.base/java.lang.reflect.Constructor.newInstance(Constructor.java:484)
	at org.openqa.selenium.remote.codec.w3c.W3CHttpResponseCodec.createException(W3CHttpResponseCodec.java:200)
	at org.openqa.selenium.remote.codec.w3c.W3CHttpResponseCodec.decode(W3CHttpResponseCodec.java:133)
	at org.openqa.selenium.remote.codec.w3c.W3CHttpResponseCodec.decode(W3CHttpResponseCodec.java:52)
	at org.openqa.selenium.remote.HttpCommandExecutor.execute(HttpCommandExecutor.java:191)
	at org.openqa.selenium.remote.service.DriverCommandExecutor.invokeExecute(DriverCommandExecutor.java:196)
	at org.openqa.selenium.remote.service.DriverCommandExecutor.execute(DriverCommandExecutor.java:171)
	at org.openqa.selenium.remote.RemoteWebDriver.execute(RemoteWebDriver.java:602)
	at org.openqa.selenium.remote.RemoteWebDriver.execute(RemoteWebDriver.java:675)
	at org.openqa.selenium.remote.RemoteWebDriver.execute(RemoteWebDriver.java:679)
	at org.openqa.selenium.remote.RemoteWebDriver$RemoteTargetLocator.alert(RemoteWebDriver.java:1191)
	at PageObjects.ArrayPage.getErrorText(ArrayPage.java:122)
	at StepDefinitions.ArrayStepDefinition.the_user_should_be_presented_with_error_result(ArrayStepDefinition.java:122)
	at ✽.The user should be presented with error result(file:///Users/jibyraju/eclipse-workspace/Project_Presentation/src/test/resources/features/Tree.feature:257)
</div></td></tr></table><p class="totop"><a href="#summary">back to summary</a></p>
<h3 id="m16">Runner.TestRunner#runScenario</h3><table class="result"><tr class="param"><th>Parameter #1</th><th>Parameter #2</th></tr><tr class="param stripe"><td>&quot;The user is presented with error message for code with invalid syntax in tryEditor for Search the array link&quot;</td><td>&quot;User is on Array Page&quot;</td></tr><tr><th colspan="2">Exception</th></tr><tr><td colspan="2"><div class="stacktrace">java.lang.AssertionError: Result do not match expected [NameError: name &apos;hello&apos; is not defined on line 1] but found [SyntaxError: bad input on line 1]
	at org.testng.Assert.fail(Assert.java:111)
	at org.testng.Assert.failNotEquals(Assert.java:1578)
	at org.testng.Assert.assertEqualsImpl(Assert.java:150)
	at org.testng.Assert.assertEquals(Assert.java:132)
	at org.testng.Assert.assertEquals(Assert.java:656)
	at StepDefinitions.ArrayStepDefinition.the_user_should_be_presented_with_error_result(ArrayStepDefinition.java:125)
	at ✽.The user should be presented with error result(file:///Users/jibyraju/eclipse-workspace/Project_Presentation/src/test/resources/features/Array.feature:191)
</div></td></tr></table><p class="totop"><a href="#summary">back to summary</a></p>
<h3 id="m17">Runner.TestRunner#runScenario</h3><table class="result"><tr class="param"><th>Parameter #1</th><th>Parameter #2</th></tr><tr class="param stripe"><td>&quot;The user is able to navigate to Array page&quot;</td><td>&quot;User is on Array Page&quot;</td></tr><tr><th colspan="2">Exception</th></tr><tr><td colspan="2"><div class="stacktrace">io.cucumber.testng.UndefinedStepException: The step &apos;The user is on the Home page&apos; is undefined.
You can implement this step using the snippet(s) below:

@Given(&quot;The user is on the Home page&quot;)
public void the_user_is_on_the_home_page() {
    // Write code here that turns the phrase above into concrete actions
    throw new io.cucumber.java.PendingException();
}

	at io.cucumber.core.runtime.TestCaseResultObserver.assertTestCasePassed(TestCaseResultObserver.java:69)
	at io.cucumber.testng.TestCaseResultObserver.assertTestCasePassed(TestCaseResultObserver.java:23)
	at io.cucumber.testng.TestNGCucumberRunner.lambda$runScenario$1(TestNGCucumberRunner.java:133)
	at io.cucumber.core.runtime.CucumberExecutionContext.lambda$runTestCase$5(CucumberExecutionContext.java:137)
	at io.cucumber.core.runtime.RethrowingThrowableCollector.executeAndThrow(RethrowingThrowableCollector.java:23)
	at io.cucumber.core.runtime.CucumberExecutionContext.runTestCase(CucumberExecutionContext.java:137)
	at io.cucumber.testng.TestNGCucumberRunner.runScenario(TestNGCucumberRunner.java:129)
	at io.cucumber.testng.AbstractTestNGCucumberTests.runScenario(AbstractTestNGCucumberTests.java:35)
	at java.base/jdk.internal.reflect.DirectMethodHandleAccessor.invoke(DirectMethodHandleAccessor.java:104)
	at java.base/java.lang.reflect.Method.invoke(Method.java:578)
	at org.testng.internal.invokers.MethodInvocationHelper.invokeMethod(MethodInvocationHelper.java:139)
	at org.testng.internal.invokers.TestInvoker.invokeMethod(TestInvoker.java:664)
	at org.testng.internal.invokers.TestInvoker.invokeTestMethod(TestInvoker.java:227)
	at org.testng.internal.invokers.MethodRunner.runInSequence(MethodRunner.java:50)
	at org.testng.internal.invokers.TestInvoker$MethodInvocationAgent.invoke(TestInvoker.java:957)
	at org.testng.internal.invokers.TestInvoker.invokeTestMethods(TestInvoker.java:200)
	at org.testng.internal.invokers.TestMethodWorker.invokeTestMethods(TestMethodWorker.java:148)
	at org.testng.internal.invokers.TestMethodWorker.run(TestMethodWorker.java:128)
	at java.base/java.util.ArrayList.forEach(ArrayList.java:1511)
	at org.testng.TestRunner.privateRun(TestRunner.java:848)
	at org.testng.TestRunner.run(TestRunner.java:621)
	at org.testng.SuiteRunner.runTest(SuiteRunner.java:443)
	at org.testng.SuiteRunner.runSequentially(SuiteRunner.java:437)
	at org.testng.SuiteRunner.privateRun(SuiteRunner.java:397)
	at org.testng.SuiteRunner.run(SuiteRunner.java:336)
	at org.testng.SuiteRunnerWorker.runSuite(SuiteRunnerWorker.java:52)
	at org.testng.SuiteRunnerWorker.run(SuiteRunnerWorker.java:95)
	at org.testng.TestNG.runSuitesSequentially(TestNG.java:1280)
	at org.testng.TestNG.runSuitesLocally(TestNG.java:1200)
	at org.testng.TestNG.runSuites(TestNG.java:1114)
	at org.testng.TestNG.run(TestNG.java:1082)
	at org.testng.remote.AbstractRemoteTestNG.run(AbstractRemoteTestNG.java:115)
	at org.testng.remote.RemoteTestNG.initAndRun(RemoteTestNG.java:251)
	at org.testng.remote.RemoteTestNG.main(RemoteTestNG.java:77)
</div></td></tr></table><p class="totop"><a href="#summary">back to summary</a></p>
<h3 id="m18">Runner.TestRunner#runScenario</h3><table class="result"><tr class="param"><th>Parameter #1</th><th>Parameter #2</th></tr><tr class="param stripe"><td>&quot;The user is presented with error message for code with invalid syntax in tryEditor for Implementation of Queue page&quot;</td><td>&quot;Testing the Tree Page&quot;</td></tr><tr><th colspan="2">Exception</th></tr><tr><td colspan="2"><div class="stacktrace">org.openqa.selenium.NoAlertPresentException: Build info: version: &apos;4.12.1&apos;, revision: &apos;8e34639b11&apos;
System info: os.name: &apos;Mac OS X&apos;, os.arch: &apos;aarch64&apos;, os.version: &apos;13.5.2&apos;, java.version: &apos;20.0.2&apos;
Driver info: org.openqa.selenium.firefox.FirefoxDriver
Command: [78c38201-c377-4508-87eb-42c0ddf43e75, getAlertText {}]
Capabilities {acceptInsecureCerts: true, browserName: firefox, browserVersion: 118.0.1, moz:accessibilityChecks: false, moz:buildID: 20230927232528, moz:debuggerAddress: 127.0.0.1:16524, moz:geckodriverVersion: 0.33.0, moz:headless: false, moz:platformVersion: 22.6.0, moz:processID: 96943, moz:profile: /var/folders/x3/28px5q393bv..., moz:shutdownTimeout: 60000, moz:webdriverClick: true, moz:windowless: false, pageLoadStrategy: normal, platformName: mac, proxy: Proxy(), se:cdp: ws://127.0.0.1:16524/devtoo..., se:cdpVersion: 85.0, setWindowRect: true, strictFileInteractability: false, timeouts: {implicit: 0, pageLoad: 300000, script: 30000}, unhandledPromptBehavior: dismiss and notify}
Session ID: 78c38201-c377-4508-87eb-42c0ddf43e75
	at java.base/jdk.internal.reflect.DirectConstructorHandleAccessor.newInstance(DirectConstructorHandleAccessor.java:67)
	at java.base/java.lang.reflect.Constructor.newInstanceWithCaller(Constructor.java:500)
	at java.base/java.lang.reflect.Constructor.newInstance(Constructor.java:484)
	at org.openqa.selenium.remote.codec.w3c.W3CHttpResponseCodec.createException(W3CHttpResponseCodec.java:200)
	at org.openqa.selenium.remote.codec.w3c.W3CHttpResponseCodec.decode(W3CHttpResponseCodec.java:133)
	at org.openqa.selenium.remote.codec.w3c.W3CHttpResponseCodec.decode(W3CHttpResponseCodec.java:52)
	at org.openqa.selenium.remote.HttpCommandExecutor.execute(HttpCommandExecutor.java:191)
	at org.openqa.selenium.remote.service.DriverCommandExecutor.invokeExecute(DriverCommandExecutor.java:196)
	at org.openqa.selenium.remote.service.DriverCommandExecutor.execute(DriverCommandExecutor.java:171)
	at org.openqa.selenium.remote.RemoteWebDriver.execute(RemoteWebDriver.java:602)
	at org.openqa.selenium.remote.RemoteWebDriver.execute(RemoteWebDriver.java:675)
	at org.openqa.selenium.remote.RemoteWebDriver.execute(RemoteWebDriver.java:679)
	at org.openqa.selenium.remote.RemoteWebDriver$RemoteTargetLocator.alert(RemoteWebDriver.java:1191)
	at PageObjects.ArrayPage.getErrorText(ArrayPage.java:122)
	at StepDefinitions.ArrayStepDefinition.the_user_should_be_presented_with_error_result(ArrayStepDefinition.java:122)
	at ✽.The user should be presented with error result(file:///Users/jibyraju/eclipse-workspace/Project_Presentation/src/test/resources/features/Tree.feature:201)
</div></td></tr></table><p class="totop"><a href="#summary">back to summary</a></p>
<h3 id="m19">Runner.TestRunner#runScenario</h3><table class="result"><tr class="param"><th>Parameter #1</th><th>Parameter #2</th></tr><tr class="param stripe"><td>&quot;The user is presented with error message for code with invalid syntax in tryEditor for Implementation of Queue page&quot;</td><td>&quot;Testing the Tree Page&quot;</td></tr><tr><th colspan="2">Exception</th></tr><tr><td colspan="2"><div class="stacktrace">org.openqa.selenium.NoAlertPresentException: Build info: version: &apos;4.12.1&apos;, revision: &apos;8e34639b11&apos;
System info: os.name: &apos;Mac OS X&apos;, os.arch: &apos;aarch64&apos;, os.version: &apos;13.5.2&apos;, java.version: &apos;20.0.2&apos;
Driver info: org.openqa.selenium.firefox.FirefoxDriver
Command: [78c38201-c377-4508-87eb-42c0ddf43e75, getAlertText {}]
Capabilities {acceptInsecureCerts: true, browserName: firefox, browserVersion: 118.0.1, moz:accessibilityChecks: false, moz:buildID: 20230927232528, moz:debuggerAddress: 127.0.0.1:16524, moz:geckodriverVersion: 0.33.0, moz:headless: false, moz:platformVersion: 22.6.0, moz:processID: 96943, moz:profile: /var/folders/x3/28px5q393bv..., moz:shutdownTimeout: 60000, moz:webdriverClick: true, moz:windowless: false, pageLoadStrategy: normal, platformName: mac, proxy: Proxy(), se:cdp: ws://127.0.0.1:16524/devtoo..., se:cdpVersion: 85.0, setWindowRect: true, strictFileInteractability: false, timeouts: {implicit: 0, pageLoad: 300000, script: 30000}, unhandledPromptBehavior: dismiss and notify}
Session ID: 78c38201-c377-4508-87eb-42c0ddf43e75
	at java.base/jdk.internal.reflect.DirectConstructorHandleAccessor.newInstance(DirectConstructorHandleAccessor.java:67)
	at java.base/java.lang.reflect.Constructor.newInstanceWithCaller(Constructor.java:500)
	at java.base/java.lang.reflect.Constructor.newInstance(Constructor.java:484)
	at org.openqa.selenium.remote.codec.w3c.W3CHttpResponseCodec.createException(W3CHttpResponseCodec.java:200)
	at org.openqa.selenium.remote.codec.w3c.W3CHttpResponseCodec.decode(W3CHttpResponseCodec.java:133)
	at org.openqa.selenium.remote.codec.w3c.W3CHttpResponseCodec.decode(W3CHttpResponseCodec.java:52)
	at org.openqa.selenium.remote.HttpCommandExecutor.execute(HttpCommandExecutor.java:191)
	at org.openqa.selenium.remote.service.DriverCommandExecutor.invokeExecute(DriverCommandExecutor.java:196)
	at org.openqa.selenium.remote.service.DriverCommandExecutor.execute(DriverCommandExecutor.java:171)
	at org.openqa.selenium.remote.RemoteWebDriver.execute(RemoteWebDriver.java:602)
	at org.openqa.selenium.remote.RemoteWebDriver.execute(RemoteWebDriver.java:675)
	at org.openqa.selenium.remote.RemoteWebDriver.execute(RemoteWebDriver.java:679)
	at org.openqa.selenium.remote.RemoteWebDriver$RemoteTargetLocator.alert(RemoteWebDriver.java:1191)
	at PageObjects.ArrayPage.getErrorText(ArrayPage.java:122)
	at StepDefinitions.ArrayStepDefinition.the_user_should_be_presented_with_error_result(ArrayStepDefinition.java:122)
	at ✽.The user should be presented with error result(file:///Users/jibyraju/eclipse-workspace/Project_Presentation/src/test/resources/features/Tree.feature:285)
</div></td></tr></table><p class="totop"><a href="#summary">back to summary</a></p>
<h3 id="m20">Runner.TestRunner#runScenario</h3><table class="result"><tr class="param"><th>Parameter #1</th><th>Parameter #2</th></tr><tr class="param stripe"><td>&quot;The user is presented with error message for code with invalid syntax in tryEditor for Implementation of Queue page&quot;</td><td>&quot;Testing the Stack Page&quot;</td></tr><tr><th colspan="2">Exception</th></tr><tr><td colspan="2"><div class="stacktrace">org.openqa.selenium.NoAlertPresentException: Build info: version: &apos;4.12.1&apos;, revision: &apos;8e34639b11&apos;
System info: os.name: &apos;Mac OS X&apos;, os.arch: &apos;aarch64&apos;, os.version: &apos;13.5.2&apos;, java.version: &apos;20.0.2&apos;
Driver info: org.openqa.selenium.firefox.FirefoxDriver
Command: [78c38201-c377-4508-87eb-42c0ddf43e75, getAlertText {}]
Capabilities {acceptInsecureCerts: true, browserName: firefox, browserVersion: 118.0.1, moz:accessibilityChecks: false, moz:buildID: 20230927232528, moz:debuggerAddress: 127.0.0.1:16524, moz:geckodriverVersion: 0.33.0, moz:headless: false, moz:platformVersion: 22.6.0, moz:processID: 96943, moz:profile: /var/folders/x3/28px5q393bv..., moz:shutdownTimeout: 60000, moz:webdriverClick: true, moz:windowless: false, pageLoadStrategy: normal, platformName: mac, proxy: Proxy(), se:cdp: ws://127.0.0.1:16524/devtoo..., se:cdpVersion: 85.0, setWindowRect: true, strictFileInteractability: false, timeouts: {implicit: 0, pageLoad: 300000, script: 30000}, unhandledPromptBehavior: dismiss and notify}
Session ID: 78c38201-c377-4508-87eb-42c0ddf43e75
	at java.base/jdk.internal.reflect.DirectConstructorHandleAccessor.newInstance(DirectConstructorHandleAccessor.java:67)
	at java.base/java.lang.reflect.Constructor.newInstanceWithCaller(Constructor.java:500)
	at java.base/java.lang.reflect.Constructor.newInstance(Constructor.java:484)
	at org.openqa.selenium.remote.codec.w3c.W3CHttpResponseCodec.createException(W3CHttpResponseCodec.java:200)
	at org.openqa.selenium.remote.codec.w3c.W3CHttpResponseCodec.decode(W3CHttpResponseCodec.java:133)
	at org.openqa.selenium.remote.codec.w3c.W3CHttpResponseCodec.decode(W3CHttpResponseCodec.java:52)
	at org.openqa.selenium.remote.HttpCommandExecutor.execute(HttpCommandExecutor.java:191)
	at org.openqa.selenium.remote.service.DriverCommandExecutor.invokeExecute(DriverCommandExecutor.java:196)
	at org.openqa.selenium.remote.service.DriverCommandExecutor.execute(DriverCommandExecutor.java:171)
	at org.openqa.selenium.remote.RemoteWebDriver.execute(RemoteWebDriver.java:602)
	at org.openqa.selenium.remote.RemoteWebDriver.execute(RemoteWebDriver.java:675)
	at org.openqa.selenium.remote.RemoteWebDriver.execute(RemoteWebDriver.java:679)
	at org.openqa.selenium.remote.RemoteWebDriver$RemoteTargetLocator.alert(RemoteWebDriver.java:1191)
	at PageObjects.ArrayPage.getErrorText(ArrayPage.java:122)
	at StepDefinitions.ArrayStepDefinition.the_user_should_be_presented_with_error_result(ArrayStepDefinition.java:122)
	at ✽.The user should be presented with error result(file:///Users/jibyraju/eclipse-workspace/Project_Presentation/src/test/resources/features/Stack.feature:88)
</div></td></tr></table><p class="totop"><a href="#summary">back to summary</a></p>
<h3 id="m21">Runner.TestRunner#runScenario</h3><table class="result"><tr class="param"><th>Parameter #1</th><th>Parameter #2</th></tr><tr class="param stripe"><td>&quot;The user is presented with error message for code with invalid syntax in tryEditor for Implementation of Queue page&quot;</td><td>&quot;Testing the Tree Page&quot;</td></tr><tr><th colspan="2">Exception</th></tr><tr><td colspan="2"><div class="stacktrace">org.openqa.selenium.NoAlertPresentException: Build info: version: &apos;4.12.1&apos;, revision: &apos;8e34639b11&apos;
System info: os.name: &apos;Mac OS X&apos;, os.arch: &apos;aarch64&apos;, os.version: &apos;13.5.2&apos;, java.version: &apos;20.0.2&apos;
Driver info: org.openqa.selenium.firefox.FirefoxDriver
Command: [78c38201-c377-4508-87eb-42c0ddf43e75, getAlertText {}]
Capabilities {acceptInsecureCerts: true, browserName: firefox, browserVersion: 118.0.1, moz:accessibilityChecks: false, moz:buildID: 20230927232528, moz:debuggerAddress: 127.0.0.1:16524, moz:geckodriverVersion: 0.33.0, moz:headless: false, moz:platformVersion: 22.6.0, moz:processID: 96943, moz:profile: /var/folders/x3/28px5q393bv..., moz:shutdownTimeout: 60000, moz:webdriverClick: true, moz:windowless: false, pageLoadStrategy: normal, platformName: mac, proxy: Proxy(), se:cdp: ws://127.0.0.1:16524/devtoo..., se:cdpVersion: 85.0, setWindowRect: true, strictFileInteractability: false, timeouts: {implicit: 0, pageLoad: 300000, script: 30000}, unhandledPromptBehavior: dismiss and notify}
Session ID: 78c38201-c377-4508-87eb-42c0ddf43e75
	at java.base/jdk.internal.reflect.DirectConstructorHandleAccessor.newInstance(DirectConstructorHandleAccessor.java:67)
	at java.base/java.lang.reflect.Constructor.newInstanceWithCaller(Constructor.java:500)
	at java.base/java.lang.reflect.Constructor.newInstance(Constructor.java:484)
	at org.openqa.selenium.remote.codec.w3c.W3CHttpResponseCodec.createException(W3CHttpResponseCodec.java:200)
	at org.openqa.selenium.remote.codec.w3c.W3CHttpResponseCodec.decode(W3CHttpResponseCodec.java:133)
	at org.openqa.selenium.remote.codec.w3c.W3CHttpResponseCodec.decode(W3CHttpResponseCodec.java:52)
	at org.openqa.selenium.remote.HttpCommandExecutor.execute(HttpCommandExecutor.java:191)
	at org.openqa.selenium.remote.service.DriverCommandExecutor.invokeExecute(DriverCommandExecutor.java:196)
	at org.openqa.selenium.remote.service.DriverCommandExecutor.execute(DriverCommandExecutor.java:171)
	at org.openqa.selenium.remote.RemoteWebDriver.execute(RemoteWebDriver.java:602)
	at org.openqa.selenium.remote.RemoteWebDriver.execute(RemoteWebDriver.java:675)
	at org.openqa.selenium.remote.RemoteWebDriver.execute(RemoteWebDriver.java:679)
	at org.openqa.selenium.remote.RemoteWebDriver$RemoteTargetLocator.alert(RemoteWebDriver.java:1191)
	at PageObjects.ArrayPage.getErrorText(ArrayPage.java:122)
	at StepDefinitions.ArrayStepDefinition.the_user_should_be_presented_with_error_result(ArrayStepDefinition.java:122)
	at ✽.The user should be presented with error result(file:///Users/jibyraju/eclipse-workspace/Project_Presentation/src/test/resources/features/Tree.feature:369)
</div></td></tr></table><p class="totop"><a href="#summary">back to summary</a></p>
<h3 id="m22">Runner.TestRunner#runScenario</h3><table class="result"><tr class="param"><th>Parameter #1</th><th>Parameter #2</th></tr><tr class="param stripe"><td>&quot;The user getting error message with invalid python code for Types of Linked List&quot;</td><td>&quot;User is on LinkedList page&quot;</td></tr><tr><th colspan="2">Exception</th></tr><tr><td colspan="2"><div class="stacktrace">org.openqa.selenium.NoAlertPresentException: Build info: version: &apos;4.12.1&apos;, revision: &apos;8e34639b11&apos;
System info: os.name: &apos;Mac OS X&apos;, os.arch: &apos;aarch64&apos;, os.version: &apos;13.5.2&apos;, java.version: &apos;20.0.2&apos;
Driver info: org.openqa.selenium.firefox.FirefoxDriver
Command: [78c38201-c377-4508-87eb-42c0ddf43e75, getAlertText {}]
Capabilities {acceptInsecureCerts: true, browserName: firefox, browserVersion: 118.0.1, moz:accessibilityChecks: false, moz:buildID: 20230927232528, moz:debuggerAddress: 127.0.0.1:16524, moz:geckodriverVersion: 0.33.0, moz:headless: false, moz:platformVersion: 22.6.0, moz:processID: 96943, moz:profile: /var/folders/x3/28px5q393bv..., moz:shutdownTimeout: 60000, moz:webdriverClick: true, moz:windowless: false, pageLoadStrategy: normal, platformName: mac, proxy: Proxy(), se:cdp: ws://127.0.0.1:16524/devtoo..., se:cdpVersion: 85.0, setWindowRect: true, strictFileInteractability: false, timeouts: {implicit: 0, pageLoad: 300000, script: 30000}, unhandledPromptBehavior: dismiss and notify}
Session ID: 78c38201-c377-4508-87eb-42c0ddf43e75
	at java.base/jdk.internal.reflect.DirectConstructorHandleAccessor.newInstance(DirectConstructorHandleAccessor.java:67)
	at java.base/java.lang.reflect.Constructor.newInstanceWithCaller(Constructor.java:500)
	at java.base/java.lang.reflect.Constructor.newInstance(Constructor.java:484)
	at org.openqa.selenium.remote.codec.w3c.W3CHttpResponseCodec.createException(W3CHttpResponseCodec.java:200)
	at org.openqa.selenium.remote.codec.w3c.W3CHttpResponseCodec.decode(W3CHttpResponseCodec.java:133)
	at org.openqa.selenium.remote.codec.w3c.W3CHttpResponseCodec.decode(W3CHttpResponseCodec.java:52)
	at org.openqa.selenium.remote.HttpCommandExecutor.execute(HttpCommandExecutor.java:191)
	at org.openqa.selenium.remote.service.DriverCommandExecutor.invokeExecute(DriverCommandExecutor.java:196)
	at org.openqa.selenium.remote.service.DriverCommandExecutor.execute(DriverCommandExecutor.java:171)
	at org.openqa.selenium.remote.RemoteWebDriver.execute(RemoteWebDriver.java:602)
	at org.openqa.selenium.remote.RemoteWebDriver.execute(RemoteWebDriver.java:675)
	at org.openqa.selenium.remote.RemoteWebDriver.execute(RemoteWebDriver.java:679)
	at org.openqa.selenium.remote.RemoteWebDriver$RemoteTargetLocator.alert(RemoteWebDriver.java:1191)
	at PageObjects.LinkedListPage.getErrorText(LinkedListPage.java:118)
	at StepDefinitions.LinkedListStepDefinition.the_user_get_the_error_message(LinkedListStepDefinition.java:94)
	at ✽.The user get the error message(file:///Users/jibyraju/eclipse-workspace/Project_Presentation/src/test/resources/features/LinkedList.feature:100)
</div></td></tr></table><p class="totop"><a href="#summary">back to summary</a></p>
<h3 id="m23">Runner.TestRunner#runScenario</h3><table class="result"><tr class="param"><th>Parameter #1</th><th>Parameter #2</th></tr><tr class="param stripe"><td>&quot;The user is presented with error message for code with invalid syntax in tryEditor for Implementation using Collections page&quot;</td><td>&quot;User is on Queue Page&quot;</td></tr><tr><th colspan="2">Exception</th></tr><tr><td colspan="2"><div class="stacktrace">org.openqa.selenium.NoAlertPresentException: Build info: version: &apos;4.12.1&apos;, revision: &apos;8e34639b11&apos;
System info: os.name: &apos;Mac OS X&apos;, os.arch: &apos;aarch64&apos;, os.version: &apos;13.5.2&apos;, java.version: &apos;20.0.2&apos;
Driver info: org.openqa.selenium.firefox.FirefoxDriver
Command: [78c38201-c377-4508-87eb-42c0ddf43e75, getAlertText {}]
Capabilities {acceptInsecureCerts: true, browserName: firefox, browserVersion: 118.0.1, moz:accessibilityChecks: false, moz:buildID: 20230927232528, moz:debuggerAddress: 127.0.0.1:16524, moz:geckodriverVersion: 0.33.0, moz:headless: false, moz:platformVersion: 22.6.0, moz:processID: 96943, moz:profile: /var/folders/x3/28px5q393bv..., moz:shutdownTimeout: 60000, moz:webdriverClick: true, moz:windowless: false, pageLoadStrategy: normal, platformName: mac, proxy: Proxy(), se:cdp: ws://127.0.0.1:16524/devtoo..., se:cdpVersion: 85.0, setWindowRect: true, strictFileInteractability: false, timeouts: {implicit: 0, pageLoad: 300000, script: 30000}, unhandledPromptBehavior: dismiss and notify}
Session ID: 78c38201-c377-4508-87eb-42c0ddf43e75
	at java.base/jdk.internal.reflect.DirectConstructorHandleAccessor.newInstance(DirectConstructorHandleAccessor.java:67)
	at java.base/java.lang.reflect.Constructor.newInstanceWithCaller(Constructor.java:500)
	at java.base/java.lang.reflect.Constructor.newInstance(Constructor.java:484)
	at org.openqa.selenium.remote.codec.w3c.W3CHttpResponseCodec.createException(W3CHttpResponseCodec.java:200)
	at org.openqa.selenium.remote.codec.w3c.W3CHttpResponseCodec.decode(W3CHttpResponseCodec.java:133)
	at org.openqa.selenium.remote.codec.w3c.W3CHttpResponseCodec.decode(W3CHttpResponseCodec.java:52)
	at org.openqa.selenium.remote.HttpCommandExecutor.execute(HttpCommandExecutor.java:191)
	at org.openqa.selenium.remote.service.DriverCommandExecutor.invokeExecute(DriverCommandExecutor.java:196)
	at org.openqa.selenium.remote.service.DriverCommandExecutor.execute(DriverCommandExecutor.java:171)
	at org.openqa.selenium.remote.RemoteWebDriver.execute(RemoteWebDriver.java:602)
	at org.openqa.selenium.remote.RemoteWebDriver.execute(RemoteWebDriver.java:675)
	at org.openqa.selenium.remote.RemoteWebDriver.execute(RemoteWebDriver.java:679)
	at org.openqa.selenium.remote.RemoteWebDriver$RemoteTargetLocator.alert(RemoteWebDriver.java:1191)
	at PageObjects.ArrayPage.getErrorText(ArrayPage.java:122)
	at StepDefinitions.ArrayStepDefinition.the_user_should_be_presented_with_error_result(ArrayStepDefinition.java:122)
	at ✽.The user should be presented with error result(file:///Users/jibyraju/eclipse-workspace/Project_Presentation/src/test/resources/features/Queue.feature:56)
</div></td></tr></table><p class="totop"><a href="#summary">back to summary</a></p>
<h3 id="m24">Runner.TestRunner#runScenario</h3><table class="result"><tr class="param"><th>Parameter #1</th><th>Parameter #2</th></tr><tr class="param stripe"><td>&quot;The user getting error message with invalid python code for Introduction page&quot;</td><td>&quot;User is on LinkedList page&quot;</td></tr><tr><th colspan="2">Exception</th></tr><tr><td colspan="2"><div class="stacktrace">org.openqa.selenium.NoAlertPresentException: Build info: version: &apos;4.12.1&apos;, revision: &apos;8e34639b11&apos;
System info: os.name: &apos;Mac OS X&apos;, os.arch: &apos;aarch64&apos;, os.version: &apos;13.5.2&apos;, java.version: &apos;20.0.2&apos;
Driver info: org.openqa.selenium.firefox.FirefoxDriver
Command: [78c38201-c377-4508-87eb-42c0ddf43e75, getAlertText {}]
Capabilities {acceptInsecureCerts: true, browserName: firefox, browserVersion: 118.0.1, moz:accessibilityChecks: false, moz:buildID: 20230927232528, moz:debuggerAddress: 127.0.0.1:16524, moz:geckodriverVersion: 0.33.0, moz:headless: false, moz:platformVersion: 22.6.0, moz:processID: 96943, moz:profile: /var/folders/x3/28px5q393bv..., moz:shutdownTimeout: 60000, moz:webdriverClick: true, moz:windowless: false, pageLoadStrategy: normal, platformName: mac, proxy: Proxy(), se:cdp: ws://127.0.0.1:16524/devtoo..., se:cdpVersion: 85.0, setWindowRect: true, strictFileInteractability: false, timeouts: {implicit: 0, pageLoad: 300000, script: 30000}, unhandledPromptBehavior: dismiss and notify}
Session ID: 78c38201-c377-4508-87eb-42c0ddf43e75
	at java.base/jdk.internal.reflect.DirectConstructorHandleAccessor.newInstance(DirectConstructorHandleAccessor.java:67)
	at java.base/java.lang.reflect.Constructor.newInstanceWithCaller(Constructor.java:500)
	at java.base/java.lang.reflect.Constructor.newInstance(Constructor.java:484)
	at org.openqa.selenium.remote.codec.w3c.W3CHttpResponseCodec.createException(W3CHttpResponseCodec.java:200)
	at org.openqa.selenium.remote.codec.w3c.W3CHttpResponseCodec.decode(W3CHttpResponseCodec.java:133)
	at org.openqa.selenium.remote.codec.w3c.W3CHttpResponseCodec.decode(W3CHttpResponseCodec.java:52)
	at org.openqa.selenium.remote.HttpCommandExecutor.execute(HttpCommandExecutor.java:191)
	at org.openqa.selenium.remote.service.DriverCommandExecutor.invokeExecute(DriverCommandExecutor.java:196)
	at org.openqa.selenium.remote.service.DriverCommandExecutor.execute(DriverCommandExecutor.java:171)
	at org.openqa.selenium.remote.RemoteWebDriver.execute(RemoteWebDriver.java:602)
	at org.openqa.selenium.remote.RemoteWebDriver.execute(RemoteWebDriver.java:675)
	at org.openqa.selenium.remote.RemoteWebDriver.execute(RemoteWebDriver.java:679)
	at org.openqa.selenium.remote.RemoteWebDriver$RemoteTargetLocator.alert(RemoteWebDriver.java:1191)
	at PageObjects.LinkedListPage.getErrorText(LinkedListPage.java:118)
	at StepDefinitions.LinkedListStepDefinition.the_user_get_the_error_message(LinkedListStepDefinition.java:94)
	at ✽.The user get the error message(file:///Users/jibyraju/eclipse-workspace/Project_Presentation/src/test/resources/features/LinkedList.feature:32)
</div></td></tr></table><p class="totop"><a href="#summary">back to summary</a></p>
<h3 id="m25">Runner.TestRunner#runScenario</h3><table class="result"><tr class="param"><th>Parameter #1</th><th>Parameter #2</th></tr><tr class="param stripe"><td>&quot;The user is presented with error message for code with invalid syntax in tryEditor for DS page&quot;</td><td>&quot;Testing the Data Structure Page&quot;</td></tr><tr><th colspan="2">Exception</th></tr><tr><td colspan="2"><div class="stacktrace">org.openqa.selenium.NoAlertPresentException: Build info: version: &apos;4.12.1&apos;, revision: &apos;8e34639b11&apos;
System info: os.name: &apos;Mac OS X&apos;, os.arch: &apos;aarch64&apos;, os.version: &apos;13.5.2&apos;, java.version: &apos;20.0.2&apos;
Driver info: org.openqa.selenium.firefox.FirefoxDriver
Command: [78c38201-c377-4508-87eb-42c0ddf43e75, getAlertText {}]
Capabilities {acceptInsecureCerts: true, browserName: firefox, browserVersion: 118.0.1, moz:accessibilityChecks: false, moz:buildID: 20230927232528, moz:debuggerAddress: 127.0.0.1:16524, moz:geckodriverVersion: 0.33.0, moz:headless: false, moz:platformVersion: 22.6.0, moz:processID: 96943, moz:profile: /var/folders/x3/28px5q393bv..., moz:shutdownTimeout: 60000, moz:webdriverClick: true, moz:windowless: false, pageLoadStrategy: normal, platformName: mac, proxy: Proxy(), se:cdp: ws://127.0.0.1:16524/devtoo..., se:cdpVersion: 85.0, setWindowRect: true, strictFileInteractability: false, timeouts: {implicit: 0, pageLoad: 300000, script: 30000}, unhandledPromptBehavior: dismiss and notify}
Session ID: 78c38201-c377-4508-87eb-42c0ddf43e75
	at java.base/jdk.internal.reflect.DirectConstructorHandleAccessor.newInstance(DirectConstructorHandleAccessor.java:67)
	at java.base/java.lang.reflect.Constructor.newInstanceWithCaller(Constructor.java:500)
	at java.base/java.lang.reflect.Constructor.newInstance(Constructor.java:484)
	at org.openqa.selenium.remote.codec.w3c.W3CHttpResponseCodec.createException(W3CHttpResponseCodec.java:200)
	at org.openqa.selenium.remote.codec.w3c.W3CHttpResponseCodec.decode(W3CHttpResponseCodec.java:133)
	at org.openqa.selenium.remote.codec.w3c.W3CHttpResponseCodec.decode(W3CHttpResponseCodec.java:52)
	at org.openqa.selenium.remote.HttpCommandExecutor.execute(HttpCommandExecutor.java:191)
	at org.openqa.selenium.remote.service.DriverCommandExecutor.invokeExecute(DriverCommandExecutor.java:196)
	at org.openqa.selenium.remote.service.DriverCommandExecutor.execute(DriverCommandExecutor.java:171)
	at org.openqa.selenium.remote.RemoteWebDriver.execute(RemoteWebDriver.java:602)
	at org.openqa.selenium.remote.RemoteWebDriver.execute(RemoteWebDriver.java:675)
	at org.openqa.selenium.remote.RemoteWebDriver.execute(RemoteWebDriver.java:679)
	at org.openqa.selenium.remote.RemoteWebDriver$RemoteTargetLocator.alert(RemoteWebDriver.java:1191)
	at PageObjects.ArrayPage.getErrorText(ArrayPage.java:122)
	at StepDefinitions.ArrayStepDefinition.the_user_should_be_presented_with_error_result(ArrayStepDefinition.java:122)
	at ✽.The user should be presented with error result(file:///Users/jibyraju/eclipse-workspace/Project_Presentation/src/test/resources/features/DataStructure.feature:31)
</div></td></tr></table><p class="totop"><a href="#summary">back to summary</a></p>
<h3 id="m26">Runner.TestRunner#runScenario</h3><table class="result"><tr class="param"><th>Parameter #1</th><th>Parameter #2</th></tr><tr class="param stripe"><td>&quot;The user is presented with error message for invalid code in tryEditor for Find Numbers with Even Number of Digits&quot;</td><td>&quot;User is on Array Page&quot;</td></tr><tr><th colspan="2">Exception</th></tr><tr><td colspan="2"><div class="stacktrace">java.lang.AssertionError: Result do not match expected [NameError: name &apos;hello&apos; is not defined on line 1] but found [SyntaxError: bad input on line 1]
	at org.testng.Assert.fail(Assert.java:111)
	at org.testng.Assert.failNotEquals(Assert.java:1578)
	at org.testng.Assert.assertEqualsImpl(Assert.java:150)
	at org.testng.Assert.assertEquals(Assert.java:132)
	at org.testng.Assert.assertEquals(Assert.java:656)
	at StepDefinitions.ArrayStepDefinition.the_user_should_be_presented_with_error_result(ArrayStepDefinition.java:125)
	at ✽.The user should be presented with error result(file:///Users/jibyraju/eclipse-workspace/Project_Presentation/src/test/resources/features/Array.feature:269)
</div></td></tr></table><p class="totop"><a href="#summary">back to summary</a></p>
<h3 id="m27">Runner.TestRunner#runScenario</h3><table class="result"><tr class="param"><th>Parameter #1</th><th>Parameter #2</th></tr><tr class="param stripe"><td>&quot;The user is able to run code in tryEditor for Search the array link&quot;</td><td>&quot;User is on Array Page&quot;</td></tr><tr><th colspan="2">Exception</th></tr><tr><td colspan="2"><div class="stacktrace">org.openqa.selenium.UnhandledAlertException: Dismissed user prompt dialog: SyntaxError: bad input on line 1: 
Build info: version: &apos;4.12.1&apos;, revision: &apos;8e34639b11&apos;
System info: os.name: &apos;Mac OS X&apos;, os.arch: &apos;aarch64&apos;, os.version: &apos;13.5.2&apos;, java.version: &apos;20.0.2&apos;
Driver info: org.openqa.selenium.firefox.FirefoxDriver
Command: [78c38201-c377-4508-87eb-42c0ddf43e75, findElement {using=xpath, value=//pre[@id=&apos;output&apos;]}]
Capabilities {acceptInsecureCerts: true, browserName: firefox, browserVersion: 118.0.1, moz:accessibilityChecks: false, moz:buildID: 20230927232528, moz:debuggerAddress: 127.0.0.1:16524, moz:geckodriverVersion: 0.33.0, moz:headless: false, moz:platformVersion: 22.6.0, moz:processID: 96943, moz:profile: /var/folders/x3/28px5q393bv..., moz:shutdownTimeout: 60000, moz:webdriverClick: true, moz:windowless: false, pageLoadStrategy: normal, platformName: mac, proxy: Proxy(), se:cdp: ws://127.0.0.1:16524/devtoo..., se:cdpVersion: 85.0, setWindowRect: true, strictFileInteractability: false, timeouts: {implicit: 0, pageLoad: 300000, script: 30000}, unhandledPromptBehavior: dismiss and notify}
Session ID: 78c38201-c377-4508-87eb-42c0ddf43e75
	at org.openqa.selenium.remote.codec.w3c.W3CHttpResponseCodec.decode(W3CHttpResponseCodec.java:131)
	at org.openqa.selenium.remote.codec.w3c.W3CHttpResponseCodec.decode(W3CHttpResponseCodec.java:52)
	at org.openqa.selenium.remote.HttpCommandExecutor.execute(HttpCommandExecutor.java:191)
	at org.openqa.selenium.remote.service.DriverCommandExecutor.invokeExecute(DriverCommandExecutor.java:196)
	at org.openqa.selenium.remote.service.DriverCommandExecutor.execute(DriverCommandExecutor.java:171)
	at org.openqa.selenium.remote.RemoteWebDriver.execute(RemoteWebDriver.java:602)
	at org.openqa.selenium.remote.ElementLocation$ElementFinder$2.findElement(ElementLocation.java:165)
	at org.openqa.selenium.remote.ElementLocation.findElement(ElementLocation.java:59)
	at org.openqa.selenium.remote.RemoteWebDriver.findElement(RemoteWebDriver.java:359)
	at org.openqa.selenium.remote.RemoteWebDriver.findElement(RemoteWebDriver.java:353)
	at org.openqa.selenium.support.pagefactory.DefaultElementLocator.findElement(DefaultElementLocator.java:68)
	at org.openqa.selenium.support.pagefactory.internal.LocatingElementHandler.invoke(LocatingElementHandler.java:38)
	at jdk.proxy2/jdk.proxy2.$Proxy61.getText(Unknown Source)
	at PageObjects.ArrayPage.getOutput(ArrayPage.java:116)
	at StepDefinitions.ArrayStepDefinition.the_user_should_be_presented_with_run_result(ArrayStepDefinition.java:105)
	at ✽.The user should be presented with Run result(file:///Users/jibyraju/eclipse-workspace/Project_Presentation/src/test/resources/features/Array.feature:169)
</div></td></tr></table><p class="totop"><a href="#summary">back to summary</a></p>
<h3 id="m28">Runner.TestRunner#runScenario</h3><table class="result"><tr class="param"><th>Parameter #1</th><th>Parameter #2</th></tr><tr class="param stripe"><td>&quot;The user getting error message with invalid python code for Traversal page&quot;</td><td>&quot;User is on LinkedList page&quot;</td></tr><tr><th colspan="2">Exception</th></tr><tr><td colspan="2"><div class="stacktrace">org.openqa.selenium.NoAlertPresentException: Build info: version: &apos;4.12.1&apos;, revision: &apos;8e34639b11&apos;
System info: os.name: &apos;Mac OS X&apos;, os.arch: &apos;aarch64&apos;, os.version: &apos;13.5.2&apos;, java.version: &apos;20.0.2&apos;
Driver info: org.openqa.selenium.firefox.FirefoxDriver
Command: [78c38201-c377-4508-87eb-42c0ddf43e75, getAlertText {}]
Capabilities {acceptInsecureCerts: true, browserName: firefox, browserVersion: 118.0.1, moz:accessibilityChecks: false, moz:buildID: 20230927232528, moz:debuggerAddress: 127.0.0.1:16524, moz:geckodriverVersion: 0.33.0, moz:headless: false, moz:platformVersion: 22.6.0, moz:processID: 96943, moz:profile: /var/folders/x3/28px5q393bv..., moz:shutdownTimeout: 60000, moz:webdriverClick: true, moz:windowless: false, pageLoadStrategy: normal, platformName: mac, proxy: Proxy(), se:cdp: ws://127.0.0.1:16524/devtoo..., se:cdpVersion: 85.0, setWindowRect: true, strictFileInteractability: false, timeouts: {implicit: 0, pageLoad: 300000, script: 30000}, unhandledPromptBehavior: dismiss and notify}
Session ID: 78c38201-c377-4508-87eb-42c0ddf43e75
	at java.base/jdk.internal.reflect.DirectConstructorHandleAccessor.newInstance(DirectConstructorHandleAccessor.java:67)
	at java.base/java.lang.reflect.Constructor.newInstanceWithCaller(Constructor.java:500)
	at java.base/java.lang.reflect.Constructor.newInstance(Constructor.java:484)
	at org.openqa.selenium.remote.codec.w3c.W3CHttpResponseCodec.createException(W3CHttpResponseCodec.java:200)
	at org.openqa.selenium.remote.codec.w3c.W3CHttpResponseCodec.decode(W3CHttpResponseCodec.java:133)
	at org.openqa.selenium.remote.codec.w3c.W3CHttpResponseCodec.decode(W3CHttpResponseCodec.java:52)
	at org.openqa.selenium.remote.HttpCommandExecutor.execute(HttpCommandExecutor.java:191)
	at org.openqa.selenium.remote.service.DriverCommandExecutor.invokeExecute(DriverCommandExecutor.java:196)
	at org.openqa.selenium.remote.service.DriverCommandExecutor.execute(DriverCommandExecutor.java:171)
	at org.openqa.selenium.remote.RemoteWebDriver.execute(RemoteWebDriver.java:602)
	at org.openqa.selenium.remote.RemoteWebDriver.execute(RemoteWebDriver.java:675)
	at org.openqa.selenium.remote.RemoteWebDriver.execute(RemoteWebDriver.java:679)
	at org.openqa.selenium.remote.RemoteWebDriver$RemoteTargetLocator.alert(RemoteWebDriver.java:1191)
	at PageObjects.LinkedListPage.getErrorText(LinkedListPage.java:118)
	at StepDefinitions.LinkedListStepDefinition.the_user_get_the_error_message(LinkedListStepDefinition.java:94)
	at ✽.The user get the error message(file:///Users/jibyraju/eclipse-workspace/Project_Presentation/src/test/resources/features/LinkedList.feature:168)
</div></td></tr></table><p class="totop"><a href="#summary">back to summary</a></p>
<h3 id="m29">Runner.TestRunner#runScenario</h3><table class="result"><tr class="param"><th>Parameter #1</th><th>Parameter #2</th></tr><tr class="param stripe"><td>&quot;The user is presented with error message for code with invalid syntax in tryEditor for Implementation of Queue page&quot;</td><td>&quot;Testing the Tree Page&quot;</td></tr><tr><th colspan="2">Exception</th></tr><tr><td colspan="2"><div class="stacktrace">org.openqa.selenium.NoAlertPresentException: Build info: version: &apos;4.12.1&apos;, revision: &apos;8e34639b11&apos;
System info: os.name: &apos;Mac OS X&apos;, os.arch: &apos;aarch64&apos;, os.version: &apos;13.5.2&apos;, java.version: &apos;20.0.2&apos;
Driver info: org.openqa.selenium.firefox.FirefoxDriver
Command: [78c38201-c377-4508-87eb-42c0ddf43e75, getAlertText {}]
Capabilities {acceptInsecureCerts: true, browserName: firefox, browserVersion: 118.0.1, moz:accessibilityChecks: false, moz:buildID: 20230927232528, moz:debuggerAddress: 127.0.0.1:16524, moz:geckodriverVersion: 0.33.0, moz:headless: false, moz:platformVersion: 22.6.0, moz:processID: 96943, moz:profile: /var/folders/x3/28px5q393bv..., moz:shutdownTimeout: 60000, moz:webdriverClick: true, moz:windowless: false, pageLoadStrategy: normal, platformName: mac, proxy: Proxy(), se:cdp: ws://127.0.0.1:16524/devtoo..., se:cdpVersion: 85.0, setWindowRect: true, strictFileInteractability: false, timeouts: {implicit: 0, pageLoad: 300000, script: 30000}, unhandledPromptBehavior: dismiss and notify}
Session ID: 78c38201-c377-4508-87eb-42c0ddf43e75
	at java.base/jdk.internal.reflect.DirectConstructorHandleAccessor.newInstance(DirectConstructorHandleAccessor.java:67)
	at java.base/java.lang.reflect.Constructor.newInstanceWithCaller(Constructor.java:500)
	at java.base/java.lang.reflect.Constructor.newInstance(Constructor.java:484)
	at org.openqa.selenium.remote.codec.w3c.W3CHttpResponseCodec.createException(W3CHttpResponseCodec.java:200)
	at org.openqa.selenium.remote.codec.w3c.W3CHttpResponseCodec.decode(W3CHttpResponseCodec.java:133)
	at org.openqa.selenium.remote.codec.w3c.W3CHttpResponseCodec.decode(W3CHttpResponseCodec.java:52)
	at org.openqa.selenium.remote.HttpCommandExecutor.execute(HttpCommandExecutor.java:191)
	at org.openqa.selenium.remote.service.DriverCommandExecutor.invokeExecute(DriverCommandExecutor.java:196)
	at org.openqa.selenium.remote.service.DriverCommandExecutor.execute(DriverCommandExecutor.java:171)
	at org.openqa.selenium.remote.RemoteWebDriver.execute(RemoteWebDriver.java:602)
	at org.openqa.selenium.remote.RemoteWebDriver.execute(RemoteWebDriver.java:675)
	at org.openqa.selenium.remote.RemoteWebDriver.execute(RemoteWebDriver.java:679)
	at org.openqa.selenium.remote.RemoteWebDriver$RemoteTargetLocator.alert(RemoteWebDriver.java:1191)
	at PageObjects.ArrayPage.getErrorText(ArrayPage.java:122)
	at StepDefinitions.ArrayStepDefinition.the_user_should_be_presented_with_error_result(ArrayStepDefinition.java:122)
	at ✽.The user should be presented with error result(file:///Users/jibyraju/eclipse-workspace/Project_Presentation/src/test/resources/features/Tree.feature:59)
</div></td></tr></table><p class="totop"><a href="#summary">back to summary</a></p>
<h3 id="m30">Runner.TestRunner#runScenario</h3><table class="result"><tr class="param"><th>Parameter #1</th><th>Parameter #2</th></tr><tr class="param stripe"><td>&quot;The user is able to signout from the registered page&quot;</td><td>&quot;Testing the Register Page&quot;</td></tr><tr><th colspan="2">Exception</th></tr><tr><td colspan="2"><div class="stacktrace">org.openqa.selenium.NoSuchElementException: Unable to locate element: Sign out
For documentation on this error, please visit: https://www.selenium.dev/documentation/webdriver/troubleshooting/errors#no-such-element-exception
Build info: version: &apos;4.12.1&apos;, revision: &apos;8e34639b11&apos;
System info: os.name: &apos;Mac OS X&apos;, os.arch: &apos;aarch64&apos;, os.version: &apos;13.5.2&apos;, java.version: &apos;20.0.2&apos;
Driver info: org.openqa.selenium.firefox.FirefoxDriver
Command: [78c38201-c377-4508-87eb-42c0ddf43e75, findElement {using=link text, value=Sign out}]
Capabilities {acceptInsecureCerts: true, browserName: firefox, browserVersion: 118.0.1, moz:accessibilityChecks: false, moz:buildID: 20230927232528, moz:debuggerAddress: 127.0.0.1:16524, moz:geckodriverVersion: 0.33.0, moz:headless: false, moz:platformVersion: 22.6.0, moz:processID: 96943, moz:profile: /var/folders/x3/28px5q393bv..., moz:shutdownTimeout: 60000, moz:webdriverClick: true, moz:windowless: false, pageLoadStrategy: normal, platformName: mac, proxy: Proxy(), se:cdp: ws://127.0.0.1:16524/devtoo..., se:cdpVersion: 85.0, setWindowRect: true, strictFileInteractability: false, timeouts: {implicit: 0, pageLoad: 300000, script: 30000}, unhandledPromptBehavior: dismiss and notify}
Session ID: 78c38201-c377-4508-87eb-42c0ddf43e75
	at java.base/jdk.internal.reflect.DirectConstructorHandleAccessor.newInstance(DirectConstructorHandleAccessor.java:67)
	at java.base/java.lang.reflect.Constructor.newInstanceWithCaller(Constructor.java:500)
	at java.base/java.lang.reflect.Constructor.newInstance(Constructor.java:484)
	at org.openqa.selenium.remote.codec.w3c.W3CHttpResponseCodec.createException(W3CHttpResponseCodec.java:200)
	at org.openqa.selenium.remote.codec.w3c.W3CHttpResponseCodec.decode(W3CHttpResponseCodec.java:133)
	at org.openqa.selenium.remote.codec.w3c.W3CHttpResponseCodec.decode(W3CHttpResponseCodec.java:52)
	at org.openqa.selenium.remote.HttpCommandExecutor.execute(HttpCommandExecutor.java:191)
	at org.openqa.selenium.remote.service.DriverCommandExecutor.invokeExecute(DriverCommandExecutor.java:196)
	at org.openqa.selenium.remote.service.DriverCommandExecutor.execute(DriverCommandExecutor.java:171)
	at org.openqa.selenium.remote.RemoteWebDriver.execute(RemoteWebDriver.java:602)
	at org.openqa.selenium.remote.ElementLocation$ElementFinder$2.findElement(ElementLocation.java:165)
	at org.openqa.selenium.remote.ElementLocation.findElement(ElementLocation.java:59)
	at org.openqa.selenium.remote.RemoteWebDriver.findElement(RemoteWebDriver.java:359)
	at org.openqa.selenium.remote.RemoteWebDriver.findElement(RemoteWebDriver.java:353)
	at org.openqa.selenium.support.pagefactory.DefaultElementLocator.findElement(DefaultElementLocator.java:68)
	at org.openqa.selenium.support.pagefactory.internal.LocatingElementHandler.invoke(LocatingElementHandler.java:38)
	at jdk.proxy2/jdk.proxy2.$Proxy61.click(Unknown Source)
	at PageObjects.Register.clickSignout(Register.java:135)
	at StepDefinitions.RegisterStepDefinition.the_user_clicks_the_link(RegisterStepDefinition.java:151)
	at ✽.The user clicks the &quot;Sign Out&quot; link(file:///Users/jibyraju/eclipse-workspace/Project_Presentation/src/test/resources/features/Register.feature:91)
</div></td></tr></table><p class="totop"><a href="#summary">back to summary</a></p>
<h3 id="m31">Runner.TestRunner#runScenario</h3><table class="result"><tr class="param"><th>Parameter #1</th><th>Parameter #2</th></tr><tr class="param stripe"><td>&quot;The user is presented with error message for code with invalid syntax in tryEditor for Implementation of Queue page&quot;</td><td>&quot;Testing the Graph Page&quot;</td></tr><tr><th colspan="2">Exception</th></tr><tr><td colspan="2"><div class="stacktrace">org.openqa.selenium.NoAlertPresentException: Build info: version: &apos;4.12.1&apos;, revision: &apos;8e34639b11&apos;
System info: os.name: &apos;Mac OS X&apos;, os.arch: &apos;aarch64&apos;, os.version: &apos;13.5.2&apos;, java.version: &apos;20.0.2&apos;
Driver info: org.openqa.selenium.firefox.FirefoxDriver
Command: [78c38201-c377-4508-87eb-42c0ddf43e75, getAlertText {}]
Capabilities {acceptInsecureCerts: true, browserName: firefox, browserVersion: 118.0.1, moz:accessibilityChecks: false, moz:buildID: 20230927232528, moz:debuggerAddress: 127.0.0.1:16524, moz:geckodriverVersion: 0.33.0, moz:headless: false, moz:platformVersion: 22.6.0, moz:processID: 96943, moz:profile: /var/folders/x3/28px5q393bv..., moz:shutdownTimeout: 60000, moz:webdriverClick: true, moz:windowless: false, pageLoadStrategy: normal, platformName: mac, proxy: Proxy(), se:cdp: ws://127.0.0.1:16524/devtoo..., se:cdpVersion: 85.0, setWindowRect: true, strictFileInteractability: false, timeouts: {implicit: 0, pageLoad: 300000, script: 30000}, unhandledPromptBehavior: dismiss and notify}
Session ID: 78c38201-c377-4508-87eb-42c0ddf43e75
	at java.base/jdk.internal.reflect.DirectConstructorHandleAccessor.newInstance(DirectConstructorHandleAccessor.java:67)
	at java.base/java.lang.reflect.Constructor.newInstanceWithCaller(Constructor.java:500)
	at java.base/java.lang.reflect.Constructor.newInstance(Constructor.java:484)
	at org.openqa.selenium.remote.codec.w3c.W3CHttpResponseCodec.createException(W3CHttpResponseCodec.java:200)
	at org.openqa.selenium.remote.codec.w3c.W3CHttpResponseCodec.decode(W3CHttpResponseCodec.java:133)
	at org.openqa.selenium.remote.codec.w3c.W3CHttpResponseCodec.decode(W3CHttpResponseCodec.java:52)
	at org.openqa.selenium.remote.HttpCommandExecutor.execute(HttpCommandExecutor.java:191)
	at org.openqa.selenium.remote.service.DriverCommandExecutor.invokeExecute(DriverCommandExecutor.java:196)
	at org.openqa.selenium.remote.service.DriverCommandExecutor.execute(DriverCommandExecutor.java:171)
	at org.openqa.selenium.remote.RemoteWebDriver.execute(RemoteWebDriver.java:602)
	at org.openqa.selenium.remote.RemoteWebDriver.execute(RemoteWebDriver.java:675)
	at org.openqa.selenium.remote.RemoteWebDriver.execute(RemoteWebDriver.java:679)
	at org.openqa.selenium.remote.RemoteWebDriver$RemoteTargetLocator.alert(RemoteWebDriver.java:1191)
	at PageObjects.ArrayPage.getErrorText(ArrayPage.java:122)
	at StepDefinitions.ArrayStepDefinition.the_user_should_be_presented_with_error_result(ArrayStepDefinition.java:122)
	at ✽.The user should be presented with error result(file:///Users/jibyraju/eclipse-workspace/Project_Presentation/src/test/resources/features/Graph.feature:34)
</div></td></tr></table><p class="totop"><a href="#summary">back to summary</a></p>
<h3 id="m32">Runner.TestRunner#runScenario</h3><table class="result"><tr class="param"><th>Parameter #1</th><th>Parameter #2</th></tr><tr class="param stripe"><td>&quot;The user is presented with error message for code with invalid syntax in tryEditor for Implementation of Queue page&quot;</td><td>&quot;Testing the Stack Page&quot;</td></tr><tr><th colspan="2">Exception</th></tr><tr><td colspan="2"><div class="stacktrace">org.openqa.selenium.NoAlertPresentException: Build info: version: &apos;4.12.1&apos;, revision: &apos;8e34639b11&apos;
System info: os.name: &apos;Mac OS X&apos;, os.arch: &apos;aarch64&apos;, os.version: &apos;13.5.2&apos;, java.version: &apos;20.0.2&apos;
Driver info: org.openqa.selenium.firefox.FirefoxDriver
Command: [78c38201-c377-4508-87eb-42c0ddf43e75, getAlertText {}]
Capabilities {acceptInsecureCerts: true, browserName: firefox, browserVersion: 118.0.1, moz:accessibilityChecks: false, moz:buildID: 20230927232528, moz:debuggerAddress: 127.0.0.1:16524, moz:geckodriverVersion: 0.33.0, moz:headless: false, moz:platformVersion: 22.6.0, moz:processID: 96943, moz:profile: /var/folders/x3/28px5q393bv..., moz:shutdownTimeout: 60000, moz:webdriverClick: true, moz:windowless: false, pageLoadStrategy: normal, platformName: mac, proxy: Proxy(), se:cdp: ws://127.0.0.1:16524/devtoo..., se:cdpVersion: 85.0, setWindowRect: true, strictFileInteractability: false, timeouts: {implicit: 0, pageLoad: 300000, script: 30000}, unhandledPromptBehavior: dismiss and notify}
Session ID: 78c38201-c377-4508-87eb-42c0ddf43e75
	at java.base/jdk.internal.reflect.DirectConstructorHandleAccessor.newInstance(DirectConstructorHandleAccessor.java:67)
	at java.base/java.lang.reflect.Constructor.newInstanceWithCaller(Constructor.java:500)
	at java.base/java.lang.reflect.Constructor.newInstance(Constructor.java:484)
	at org.openqa.selenium.remote.codec.w3c.W3CHttpResponseCodec.createException(W3CHttpResponseCodec.java:200)
	at org.openqa.selenium.remote.codec.w3c.W3CHttpResponseCodec.decode(W3CHttpResponseCodec.java:133)
	at org.openqa.selenium.remote.codec.w3c.W3CHttpResponseCodec.decode(W3CHttpResponseCodec.java:52)
	at org.openqa.selenium.remote.HttpCommandExecutor.execute(HttpCommandExecutor.java:191)
	at org.openqa.selenium.remote.service.DriverCommandExecutor.invokeExecute(DriverCommandExecutor.java:196)
	at org.openqa.selenium.remote.service.DriverCommandExecutor.execute(DriverCommandExecutor.java:171)
	at org.openqa.selenium.remote.RemoteWebDriver.execute(RemoteWebDriver.java:602)
	at org.openqa.selenium.remote.RemoteWebDriver.execute(RemoteWebDriver.java:675)
	at org.openqa.selenium.remote.RemoteWebDriver.execute(RemoteWebDriver.java:679)
	at org.openqa.selenium.remote.RemoteWebDriver$RemoteTargetLocator.alert(RemoteWebDriver.java:1191)
	at PageObjects.ArrayPage.getErrorText(ArrayPage.java:122)
	at StepDefinitions.ArrayStepDefinition.the_user_should_be_presented_with_error_result(ArrayStepDefinition.java:122)
	at ✽.The user should be presented with error result(file:///Users/jibyraju/eclipse-workspace/Project_Presentation/src/test/resources/features/Stack.feature:57)
</div></td></tr></table><p class="totop"><a href="#summary">back to summary</a></p>
<h3 id="m33">Runner.TestRunner#runScenario</h3><table class="result"><tr class="param"><th>Parameter #1</th><th>Parameter #2</th></tr><tr class="param stripe"><td>&quot;The user is presented with error message for invalid code in tryEditor for Max Consecutive Ones&quot;</td><td>&quot;User is on Array Page&quot;</td></tr><tr><th colspan="2">Exception</th></tr><tr><td colspan="2"><div class="stacktrace">java.lang.AssertionError: Result do not match expected [NameError: name &apos;hello&apos; is not defined on line 1] but found [SyntaxError: bad input on line 1]
	at org.testng.Assert.fail(Assert.java:111)
	at org.testng.Assert.failNotEquals(Assert.java:1578)
	at org.testng.Assert.assertEqualsImpl(Assert.java:150)
	at org.testng.Assert.assertEquals(Assert.java:132)
	at org.testng.Assert.assertEquals(Assert.java:656)
	at StepDefinitions.ArrayStepDefinition.the_user_should_be_presented_with_error_result(ArrayStepDefinition.java:125)
	at ✽.The user should be presented with error result(file:///Users/jibyraju/eclipse-workspace/Project_Presentation/src/test/resources/features/Array.feature:230)
</div></td></tr></table><p class="totop"><a href="#summary">back to summary</a></p>
<h3 id="m34">Runner.TestRunner#runScenario</h3><table class="result"><tr class="param"><th>Parameter #1</th><th>Parameter #2</th></tr><tr class="param stripe"><td>&quot;The user is presented with error message for code with invalid syntax in tryEditor for Implementation of Queue page&quot;</td><td>&quot;Testing the Tree Page&quot;</td></tr><tr><th colspan="2">Exception</th></tr><tr><td colspan="2"><div class="stacktrace">org.openqa.selenium.NoAlertPresentException: Build info: version: &apos;4.12.1&apos;, revision: &apos;8e34639b11&apos;
System info: os.name: &apos;Mac OS X&apos;, os.arch: &apos;aarch64&apos;, os.version: &apos;13.5.2&apos;, java.version: &apos;20.0.2&apos;
Driver info: org.openqa.selenium.firefox.FirefoxDriver
Command: [78c38201-c377-4508-87eb-42c0ddf43e75, getAlertText {}]
Capabilities {acceptInsecureCerts: true, browserName: firefox, browserVersion: 118.0.1, moz:accessibilityChecks: false, moz:buildID: 20230927232528, moz:debuggerAddress: 127.0.0.1:16524, moz:geckodriverVersion: 0.33.0, moz:headless: false, moz:platformVersion: 22.6.0, moz:processID: 96943, moz:profile: /var/folders/x3/28px5q393bv..., moz:shutdownTimeout: 60000, moz:webdriverClick: true, moz:windowless: false, pageLoadStrategy: normal, platformName: mac, proxy: Proxy(), se:cdp: ws://127.0.0.1:16524/devtoo..., se:cdpVersion: 85.0, setWindowRect: true, strictFileInteractability: false, timeouts: {implicit: 0, pageLoad: 300000, script: 30000}, unhandledPromptBehavior: dismiss and notify}
Session ID: 78c38201-c377-4508-87eb-42c0ddf43e75
	at java.base/jdk.internal.reflect.DirectConstructorHandleAccessor.newInstance(DirectConstructorHandleAccessor.java:67)
	at java.base/java.lang.reflect.Constructor.newInstanceWithCaller(Constructor.java:500)
	at java.base/java.lang.reflect.Constructor.newInstance(Constructor.java:484)
	at org.openqa.selenium.remote.codec.w3c.W3CHttpResponseCodec.createException(W3CHttpResponseCodec.java:200)
	at org.openqa.selenium.remote.codec.w3c.W3CHttpResponseCodec.decode(W3CHttpResponseCodec.java:133)
	at org.openqa.selenium.remote.codec.w3c.W3CHttpResponseCodec.decode(W3CHttpResponseCodec.java:52)
	at org.openqa.selenium.remote.HttpCommandExecutor.execute(HttpCommandExecutor.java:191)
	at org.openqa.selenium.remote.service.DriverCommandExecutor.invokeExecute(DriverCommandExecutor.java:196)
	at org.openqa.selenium.remote.service.DriverCommandExecutor.execute(DriverCommandExecutor.java:171)
	at org.openqa.selenium.remote.RemoteWebDriver.execute(RemoteWebDriver.java:602)
	at org.openqa.selenium.remote.RemoteWebDriver.execute(RemoteWebDriver.java:675)
	at org.openqa.selenium.remote.RemoteWebDriver.execute(RemoteWebDriver.java:679)
	at org.openqa.selenium.remote.RemoteWebDriver$RemoteTargetLocator.alert(RemoteWebDriver.java:1191)
	at PageObjects.ArrayPage.getErrorText(ArrayPage.java:122)
	at StepDefinitions.ArrayStepDefinition.the_user_should_be_presented_with_error_result(ArrayStepDefinition.java:122)
	at ✽.The user should be presented with error result(file:///Users/jibyraju/eclipse-workspace/Project_Presentation/src/test/resources/features/Tree.feature:87)
</div></td></tr></table><p class="totop"><a href="#summary">back to summary</a></p>
<h3 id="m35">Runner.TestRunner#runScenario</h3><table class="result"><tr class="param"><th>Parameter #1</th><th>Parameter #2</th></tr><tr class="param stripe"><td>&quot;The user getting error message with invalid python code for Deletion page&quot;</td><td>&quot;User is on LinkedList page&quot;</td></tr><tr><th colspan="2">Exception</th></tr><tr><td colspan="2"><div class="stacktrace">org.openqa.selenium.NoAlertPresentException: Build info: version: &apos;4.12.1&apos;, revision: &apos;8e34639b11&apos;
System info: os.name: &apos;Mac OS X&apos;, os.arch: &apos;aarch64&apos;, os.version: &apos;13.5.2&apos;, java.version: &apos;20.0.2&apos;
Driver info: org.openqa.selenium.firefox.FirefoxDriver
Command: [78c38201-c377-4508-87eb-42c0ddf43e75, getAlertText {}]
Capabilities {acceptInsecureCerts: true, browserName: firefox, browserVersion: 118.0.1, moz:accessibilityChecks: false, moz:buildID: 20230927232528, moz:debuggerAddress: 127.0.0.1:16524, moz:geckodriverVersion: 0.33.0, moz:headless: false, moz:platformVersion: 22.6.0, moz:processID: 96943, moz:profile: /var/folders/x3/28px5q393bv..., moz:shutdownTimeout: 60000, moz:webdriverClick: true, moz:windowless: false, pageLoadStrategy: normal, platformName: mac, proxy: Proxy(), se:cdp: ws://127.0.0.1:16524/devtoo..., se:cdpVersion: 85.0, setWindowRect: true, strictFileInteractability: false, timeouts: {implicit: 0, pageLoad: 300000, script: 30000}, unhandledPromptBehavior: dismiss and notify}
Session ID: 78c38201-c377-4508-87eb-42c0ddf43e75
	at java.base/jdk.internal.reflect.DirectConstructorHandleAccessor.newInstance(DirectConstructorHandleAccessor.java:67)
	at java.base/java.lang.reflect.Constructor.newInstanceWithCaller(Constructor.java:500)
	at java.base/java.lang.reflect.Constructor.newInstance(Constructor.java:484)
	at org.openqa.selenium.remote.codec.w3c.W3CHttpResponseCodec.createException(W3CHttpResponseCodec.java:200)
	at org.openqa.selenium.remote.codec.w3c.W3CHttpResponseCodec.decode(W3CHttpResponseCodec.java:133)
	at org.openqa.selenium.remote.codec.w3c.W3CHttpResponseCodec.decode(W3CHttpResponseCodec.java:52)
	at org.openqa.selenium.remote.HttpCommandExecutor.execute(HttpCommandExecutor.java:191)
	at org.openqa.selenium.remote.service.DriverCommandExecutor.invokeExecute(DriverCommandExecutor.java:196)
	at org.openqa.selenium.remote.service.DriverCommandExecutor.execute(DriverCommandExecutor.java:171)
	at org.openqa.selenium.remote.RemoteWebDriver.execute(RemoteWebDriver.java:602)
	at org.openqa.selenium.remote.RemoteWebDriver.execute(RemoteWebDriver.java:675)
	at org.openqa.selenium.remote.RemoteWebDriver.execute(RemoteWebDriver.java:679)
	at org.openqa.selenium.remote.RemoteWebDriver$RemoteTargetLocator.alert(RemoteWebDriver.java:1191)
	at PageObjects.LinkedListPage.getErrorText(LinkedListPage.java:118)
	at StepDefinitions.LinkedListStepDefinition.the_user_get_the_error_message(LinkedListStepDefinition.java:94)
	at ✽.The user get the error message(file:///Users/jibyraju/eclipse-workspace/Project_Presentation/src/test/resources/features/LinkedList.feature:236)
</div></td></tr></table><p class="totop"><a href="#summary">back to summary</a></p>
<h3 id="m36">Runner.TestRunner#runScenario</h3><table class="result"><tr class="param"><th>Parameter #1</th><th>Parameter #2</th></tr><tr class="param stripe"><td>&quot;The user is presented with error message for code with invalid syntax in tryEditor for Implementation of Queue page&quot;</td><td>&quot;Testing the Tree Page&quot;</td></tr><tr><th colspan="2">Exception</th></tr><tr><td colspan="2"><div class="stacktrace">org.openqa.selenium.NoAlertPresentException: Build info: version: &apos;4.12.1&apos;, revision: &apos;8e34639b11&apos;
System info: os.name: &apos;Mac OS X&apos;, os.arch: &apos;aarch64&apos;, os.version: &apos;13.5.2&apos;, java.version: &apos;20.0.2&apos;
Driver info: org.openqa.selenium.firefox.FirefoxDriver
Command: [78c38201-c377-4508-87eb-42c0ddf43e75, getAlertText {}]
Capabilities {acceptInsecureCerts: true, browserName: firefox, browserVersion: 118.0.1, moz:accessibilityChecks: false, moz:buildID: 20230927232528, moz:debuggerAddress: 127.0.0.1:16524, moz:geckodriverVersion: 0.33.0, moz:headless: false, moz:platformVersion: 22.6.0, moz:processID: 96943, moz:profile: /var/folders/x3/28px5q393bv..., moz:shutdownTimeout: 60000, moz:webdriverClick: true, moz:windowless: false, pageLoadStrategy: normal, platformName: mac, proxy: Proxy(), se:cdp: ws://127.0.0.1:16524/devtoo..., se:cdpVersion: 85.0, setWindowRect: true, strictFileInteractability: false, timeouts: {implicit: 0, pageLoad: 300000, script: 30000}, unhandledPromptBehavior: dismiss and notify}
Session ID: 78c38201-c377-4508-87eb-42c0ddf43e75
	at java.base/jdk.internal.reflect.DirectConstructorHandleAccessor.newInstance(DirectConstructorHandleAccessor.java:67)
	at java.base/java.lang.reflect.Constructor.newInstanceWithCaller(Constructor.java:500)
	at java.base/java.lang.reflect.Constructor.newInstance(Constructor.java:484)
	at org.openqa.selenium.remote.codec.w3c.W3CHttpResponseCodec.createException(W3CHttpResponseCodec.java:200)
	at org.openqa.selenium.remote.codec.w3c.W3CHttpResponseCodec.decode(W3CHttpResponseCodec.java:133)
	at org.openqa.selenium.remote.codec.w3c.W3CHttpResponseCodec.decode(W3CHttpResponseCodec.java:52)
	at org.openqa.selenium.remote.HttpCommandExecutor.execute(HttpCommandExecutor.java:191)
	at org.openqa.selenium.remote.service.DriverCommandExecutor.invokeExecute(DriverCommandExecutor.java:196)
	at org.openqa.selenium.remote.service.DriverCommandExecutor.execute(DriverCommandExecutor.java:171)
	at org.openqa.selenium.remote.RemoteWebDriver.execute(RemoteWebDriver.java:602)
	at org.openqa.selenium.remote.RemoteWebDriver.execute(RemoteWebDriver.java:675)
	at org.openqa.selenium.remote.RemoteWebDriver.execute(RemoteWebDriver.java:679)
	at org.openqa.selenium.remote.RemoteWebDriver$RemoteTargetLocator.alert(RemoteWebDriver.java:1191)
	at PageObjects.ArrayPage.getErrorText(ArrayPage.java:122)
	at StepDefinitions.ArrayStepDefinition.the_user_should_be_presented_with_error_result(ArrayStepDefinition.java:122)
	at ✽.The user should be presented with error result(file:///Users/jibyraju/eclipse-workspace/Project_Presentation/src/test/resources/features/Tree.feature:145)
</div></td></tr></table><p class="totop"><a href="#summary">back to summary</a></p>
<h3 id="m37">Runner.TestRunner#runScenario</h3><table class="result"><tr class="param"><th>Parameter #1</th><th>Parameter #2</th></tr><tr class="param stripe"><td>&quot;user navigated to Deletion page&quot;</td><td>&quot;User is on LinkedList page&quot;</td></tr></table><p class="totop"><a href="#summary">back to summary</a></p>
<h3 id="m38">Runner.TestRunner#runScenario</h3><table class="result"><tr class="param"><th>Parameter #1</th><th>Parameter #2</th></tr><tr class="param stripe"><td>&quot;The user run the code in tryEditor with valid input for Traversal page&quot;</td><td>&quot;User is on LinkedList page&quot;</td></tr></table><p class="totop"><a href="#summary">back to summary</a></p>
<h3 id="m39">Runner.TestRunner#runScenario</h3><table class="result"><tr class="param"><th>Parameter #1</th><th>Parameter #2</th></tr><tr class="param stripe"><td>&quot;The user is able to submit code in tryEditor for Max Consecutive Ones&quot;</td><td>&quot;User is on Array Page&quot;</td></tr></table><p class="totop"><a href="#summary">back to summary</a></p>
<h3 id="m40">Runner.TestRunner#runScenario</h3><table class="result"><tr class="param"><th>Parameter #1</th><th>Parameter #2</th></tr><tr class="param stripe"><td>&quot;The user is on the Home page and click on dropdown without sign in&quot;</td><td>&quot;User is on DS ALgo Home page&quot;</td></tr></table><p class="totop"><a href="#summary">back to summary</a></p>
<h3 id="m41">Runner.TestRunner#runScenario</h3><table class="result"><tr class="param"><th>Parameter #1</th><th>Parameter #2</th></tr><tr class="param stripe"><td>&quot;The user is able to navigate to Queue page&quot;</td><td>&quot;User is on Queue Page&quot;</td></tr></table><p class="totop"><a href="#summary">back to summary</a></p>
<h3 id="m42">Runner.TestRunner#runScenario</h3><table class="result"><tr class="param"><th>Parameter #1</th><th>Parameter #2</th></tr><tr class="param stripe"><td>&quot;The user is able to navigate to Practice page&quot;</td><td>&quot;User is on Array Page&quot;</td></tr></table><p class="totop"><a href="#summary">back to summary</a></p>
<h3 id="m43">Runner.TestRunner#runScenario</h3><table class="result"><tr class="param"><th>Parameter #1</th><th>Parameter #2</th></tr><tr class="param stripe"><td>&quot;The user is able to navigate to Tree Page&quot;</td><td>&quot;Testing the Tree Page&quot;</td></tr></table><p class="totop"><a href="#summary">back to summary</a></p>
<h3 id="m44">Runner.TestRunner#runScenario</h3><table class="result"><tr class="param"><th>Parameter #1</th><th>Parameter #2</th></tr><tr class="param stripe"><td>&quot;The user is able run code in tryEditor for DS page&quot;</td><td>&quot;Testing the Data Structure Page&quot;</td></tr></table><p class="totop"><a href="#summary">back to summary</a></p>
<h3 id="m45">Runner.TestRunner#runScenario</h3><table class="result"><tr class="param"><th>Parameter #1</th><th>Parameter #2</th></tr><tr class="param stripe"><td>&quot;The user is able to navigate to Tree Page&quot;</td><td>&quot;Testing the Tree Page&quot;</td></tr></table><p class="totop"><a href="#summary">back to summary</a></p>
<h3 id="m46">Runner.TestRunner#runScenario</h3><table class="result"><tr class="param"><th>Parameter #1</th><th>Parameter #2</th></tr><tr class="param stripe"><td>&quot;The user is presented with error message for code with invalid syntax in tryEditor for Applications of Array page&quot;</td><td>&quot;User is on Array Page&quot;</td></tr></table><p class="totop"><a href="#summary">back to summary</a></p>
<h3 id="m47">Runner.TestRunner#runScenario</h3><table class="result"><tr class="param"><th>Parameter #1</th><th>Parameter #2</th></tr><tr class="param stripe"><td>&quot;The user is presented with error message for code with invalid syntax in tryEditor for Implementation of Queue page&quot;</td><td>&quot;Testing the Tree Page&quot;</td></tr></table><p class="totop"><a href="#summary">back to summary</a></p>
<h3 id="m48">Runner.TestRunner#runScenario</h3><table class="result"><tr class="param"><th>Parameter #1</th><th>Parameter #2</th></tr><tr class="param stripe"><td>&quot;The user is able to navigate to Question page from Search the array link&quot;</td><td>&quot;User is on Array Page&quot;</td></tr></table><p class="totop"><a href="#summary">back to summary</a></p>
<h3 id="m49">Runner.TestRunner#runScenario</h3><table class="result"><tr class="param"><th>Parameter #1</th><th>Parameter #2</th></tr><tr class="param stripe"><td>&quot;The user is on the Home page and click on Register without sign in&quot;</td><td>&quot;User is on DS ALgo Home page&quot;</td></tr></table><p class="totop"><a href="#summary">back to summary</a></p>
<h3 id="m50">Runner.TestRunner#runScenario</h3><table class="result"><tr class="param"><th>Parameter #1</th><th>Parameter #2</th></tr><tr class="param stripe"><td>&quot;The user is able to navigate to Arrays in Python page&quot;</td><td>&quot;User is on Array Page&quot;</td></tr></table><p class="totop"><a href="#summary">back to summary</a></p>
<h3 id="m51">Runner.TestRunner#runScenario</h3><table class="result"><tr class="param"><th>Parameter #1</th><th>Parameter #2</th></tr><tr class="param stripe"><td>&quot;The user is on the Home page and click Get started link with out sign in&quot;</td><td>&quot;User is on DS ALgo Home page&quot;</td></tr></table><p class="totop"><a href="#summary">back to summary</a></p>
<h3 id="m52">Runner.TestRunner#runScenario</h3><table class="result"><tr class="param"><th>Parameter #1</th><th>Parameter #2</th></tr><tr class="param stripe"><td>&quot;The user is on the Home page and click Get started link with out sign in&quot;</td><td>&quot;User is on DS ALgo Home page&quot;</td></tr></table><p class="totop"><a href="#summary">back to summary</a></p>
<h3 id="m53">Runner.TestRunner#runScenario</h3><table class="result"><tr class="param"><th>Parameter #1</th><th>Parameter #2</th></tr><tr class="param stripe"><td>&quot;The user is on the Home page and click on dropdown without sign in&quot;</td><td>&quot;User is on DS ALgo Home page&quot;</td></tr></table><p class="totop"><a href="#summary">back to summary</a></p>
<h3 id="m54">Runner.TestRunner#runScenario</h3><table class="result"><tr class="param"><th>Parameter #1</th><th>Parameter #2</th></tr><tr class="param stripe"><td>&quot;The user is on the Home page and click Get started link with out sign in&quot;</td><td>&quot;User is on DS ALgo Home page&quot;</td></tr></table><p class="totop"><a href="#summary">back to summary</a></p>
<h3 id="m55">Runner.TestRunner#runScenario</h3><table class="result"><tr class="param"><th>Parameter #1</th><th>Parameter #2</th></tr><tr class="param stripe"><td>&quot;User navigated to tryEditor page with Run button from Types of Linked List&quot;</td><td>&quot;User is on LinkedList page&quot;</td></tr></table><p class="totop"><a href="#summary">back to summary</a></p>
<h3 id="m56">Runner.TestRunner#runScenario</h3><table class="result"><tr class="param"><th>Parameter #1</th><th>Parameter #2</th></tr><tr class="param stripe"><td>&quot;The user is able run code in tryEditor for Stack2 page&quot;</td><td>&quot;Testing the Stack Page&quot;</td></tr></table><p class="totop"><a href="#summary">back to summary</a></p>
<h3 id="m57">Runner.TestRunner#runScenario</h3><table class="result"><tr class="param"><th>Parameter #1</th><th>Parameter #2</th></tr><tr class="param stripe"><td>&quot;The user is able to run code in tryEditor for Search the array link&quot;</td><td>&quot;User is on Array Page&quot;</td></tr></table><p class="totop"><a href="#summary">back to summary</a></p>
<h3 id="m58">Runner.TestRunner#runScenario</h3><table class="result"><tr class="param"><th>Parameter #1</th><th>Parameter #2</th></tr><tr class="param stripe"><td>&quot;The user is on the Home page and click on Sign in&quot;</td><td>&quot;User is on DS ALgo Home page&quot;</td></tr></table><p class="totop"><a href="#summary">back to summary</a></p>
<h3 id="m59">Runner.TestRunner#runScenario</h3><table class="result"><tr class="param"><th>Parameter #1</th><th>Parameter #2</th></tr><tr class="param stripe"><td>&quot;User navigated to tryEditor page with Run button from Traversal page&quot;</td><td>&quot;User is on LinkedList page&quot;</td></tr></table><p class="totop"><a href="#summary">back to summary</a></p>
<h3 id="m60">Runner.TestRunner#runScenario</h3><table class="result"><tr class="param"><th>Parameter #1</th><th>Parameter #2</th></tr><tr class="param stripe"><td>&quot;The user is able run code in tryEditor for Tree page&quot;</td><td>&quot;Testing the Tree Page&quot;</td></tr></table><p class="totop"><a href="#summary">back to summary</a></p>
<h3 id="m61">Runner.TestRunner#runScenario</h3><table class="result"><tr class="param"><th>Parameter #1</th><th>Parameter #2</th></tr><tr class="param stripe"><td>&quot;The user is able run code in tryEditor for Applications of Array page&quot;</td><td>&quot;User is on Array Page&quot;</td></tr></table><p class="totop"><a href="#summary">back to summary</a></p>
<h3 id="m62">Runner.TestRunner#runScenario</h3><table class="result"><tr class="param"><th>Parameter #1</th><th>Parameter #2</th></tr><tr class="param stripe"><td>&quot;The user is able run code in tryEditor for Tree page&quot;</td><td>&quot;Testing the Tree Page&quot;</td></tr></table><p class="totop"><a href="#summary">back to summary</a></p>
<h3 id="m63">Runner.TestRunner#runScenario</h3><table class="result"><tr class="param"><th>Parameter #1</th><th>Parameter #2</th></tr><tr class="param stripe"><td>&quot;The user is able run code in tryEditor for Implementation of Queue page&quot;</td><td>&quot;Testing the Graph Page&quot;</td></tr></table><p class="totop"><a href="#summary">back to summary</a></p>
<h3 id="m64">Runner.TestRunner#runScenario</h3><table class="result"><tr class="param"><th>Parameter #1</th><th>Parameter #2</th></tr><tr class="param stripe"><td>&quot;The user is on the Home page and click on dropdown without sign in&quot;</td><td>&quot;User is on DS ALgo Home page&quot;</td></tr></table><p class="totop"><a href="#summary">back to summary</a></p>
<h3 id="m65">Runner.TestRunner#runScenario</h3><table class="result"><tr class="param"><th>Parameter #1</th><th>Parameter #2</th></tr><tr class="param stripe"><td>&quot;The user is on the Home page and click on dropdown without sign in&quot;</td><td>&quot;User is on DS ALgo Home page&quot;</td></tr></table><p class="totop"><a href="#summary">back to summary</a></p>
<h3 id="m66">Runner.TestRunner#runScenario</h3><table class="result"><tr class="param"><th>Parameter #1</th><th>Parameter #2</th></tr><tr class="param stripe"><td>&quot;The user is able run code in tryEditor for Arrays Using List page&quot;</td><td>&quot;User is on Array Page&quot;</td></tr></table><p class="totop"><a href="#summary">back to summary</a></p>
<h3 id="m67">Runner.TestRunner#runScenario</h3><table class="result"><tr class="param"><th>Parameter #1</th><th>Parameter #2</th></tr><tr class="param stripe"><td>&quot;User navigated to tryEditor page with Run button from Implement Linked List in Python page&quot;</td><td>&quot;User is on LinkedList page&quot;</td></tr></table><p class="totop"><a href="#summary">back to summary</a></p>
<h3 id="m68">Runner.TestRunner#runScenario</h3><table class="result"><tr class="param"><th>Parameter #1</th><th>Parameter #2</th></tr><tr class="param stripe"><td>&quot;The user is presented with error message for code with invalid syntax in tryEditor for Basic Operations in Lists page&quot;</td><td>&quot;User is on Array Page&quot;</td></tr></table><p class="totop"><a href="#summary">back to summary</a></p>
<h3 id="m69">Runner.TestRunner#runScenario</h3><table class="result"><tr class="param"><th>Parameter #1</th><th>Parameter #2</th></tr><tr class="param stripe"><td>&quot;The user is presented with error message for empty fields below confirm Password textbox&quot;</td><td>&quot;Testing the Register Page&quot;</td></tr></table><p class="totop"><a href="#summary">back to summary</a></p>
<h3 id="m70">Runner.TestRunner#runScenario</h3><table class="result"><tr class="param"><th>Parameter #1</th><th>Parameter #2</th></tr><tr class="param stripe"><td>&quot;The user is able to navigate to Tree Page&quot;</td><td>&quot;Testing the Tree Page&quot;</td></tr></table><p class="totop"><a href="#summary">back to summary</a></p>
<h3 id="m71">Runner.TestRunner#runScenario</h3><table class="result"><tr class="param"><th>Parameter #1</th><th>Parameter #2</th></tr><tr class="param stripe"><td>&quot;User on login page and login with the fields empty &quot;user&quot; and &quot;&quot;&quot;</td><td>&quot;Validating Sign in page&quot;</td></tr></table><p class="totop"><a href="#summary">back to summary</a></p>
<h3 id="m72">Runner.TestRunner#runScenario</h3><table class="result"><tr class="param"><th>Parameter #1</th><th>Parameter #2</th></tr><tr class="param stripe"><td>&quot;The user is presented with error message for password with only numbers&quot;</td><td>&quot;Testing the Register Page&quot;</td></tr></table><p class="totop"><a href="#summary">back to summary</a></p>
<h3 id="m73">Runner.TestRunner#runScenario</h3><table class="result"><tr class="param"><th>Parameter #1</th><th>Parameter #2</th></tr><tr class="param stripe"><td>&quot;The user is able to navigate to a page having an tryEditor from Basic Operations in Lists page&quot;</td><td>&quot;User is on Array Page&quot;</td></tr></table><p class="totop"><a href="#summary">back to summary</a></p>
<h3 id="m74">Runner.TestRunner#runScenario</h3><table class="result"><tr class="param"><th>Parameter #1</th><th>Parameter #2</th></tr><tr class="param stripe"><td>&quot;The user is presented with error message for empty fields below Username textbox&quot;</td><td>&quot;Testing the Register Page&quot;</td></tr></table><p class="totop"><a href="#summary">back to summary</a></p>
<h3 id="m75">Runner.TestRunner#runScenario</h3><table class="result"><tr class="param"><th>Parameter #1</th><th>Parameter #2</th></tr><tr class="param stripe"><td>&quot;User on login page and login with invalid and valid inputs from Excel &quot;login&quot; and 3&quot;</td><td>&quot;Validating Sign in page&quot;</td></tr></table><p class="totop"><a href="#summary">back to summary</a></p>
<h3 id="m76">Runner.TestRunner#runScenario</h3><table class="result"><tr class="param"><th>Parameter #1</th><th>Parameter #2</th></tr><tr class="param stripe"><td>&quot;User on login page and login with invalid and valid inputs from Excel &quot;login&quot; and 1&quot;</td><td>&quot;Validating Sign in page&quot;</td></tr></table><p class="totop"><a href="#summary">back to summary</a></p>
<h3 id="m77">Runner.TestRunner#runScenario</h3><table class="result"><tr class="param"><th>Parameter #1</th><th>Parameter #2</th></tr><tr class="param stripe"><td>&quot;The user is able to navigate to Stack Page&quot;</td><td>&quot;Testing the Stack Page&quot;</td></tr></table><p class="totop"><a href="#summary">back to summary</a></p>
<h3 id="m78">Runner.TestRunner#runScenario</h3><table class="result"><tr class="param"><th>Parameter #1</th><th>Parameter #2</th></tr><tr class="param stripe"><td>&quot;The user is on the Home page and click Get started link with out sign in&quot;</td><td>&quot;User is on DS ALgo Home page&quot;</td></tr></table><p class="totop"><a href="#summary">back to summary</a></p>
<h3 id="m79">Runner.TestRunner#runScenario</h3><table class="result"><tr class="param"><th>Parameter #1</th><th>Parameter #2</th></tr><tr class="param stripe"><td>&quot;The user is able to navigate to Question page from Max Consecutive Ones&quot;</td><td>&quot;User is on Array Page&quot;</td></tr></table><p class="totop"><a href="#summary">back to summary</a></p>
<h3 id="m80">Runner.TestRunner#runScenario</h3><table class="result"><tr class="param"><th>Parameter #1</th><th>Parameter #2</th></tr><tr class="param stripe"><td>&quot;User navigated to tryEditor page with Run button from Insertion page&quot;</td><td>&quot;User is on LinkedList page&quot;</td></tr></table><p class="totop"><a href="#summary">back to summary</a></p>
<h3 id="m81">Runner.TestRunner#runScenario</h3><table class="result"><tr class="param"><th>Parameter #1</th><th>Parameter #2</th></tr><tr class="param stripe"><td>&quot;The user is presented with error message for existing username&quot;</td><td>&quot;Testing the Register Page&quot;</td></tr></table><p class="totop"><a href="#summary">back to summary</a></p>
<h3 id="m82">Runner.TestRunner#runScenario</h3><table class="result"><tr class="param"><th>Parameter #1</th><th>Parameter #2</th></tr><tr class="param stripe"><td>&quot;The user is able to navigate to Queue page&quot;</td><td>&quot;User is on Queue Page&quot;</td></tr></table><p class="totop"><a href="#summary">back to summary</a></p>
<h3 id="m83">Runner.TestRunner#runScenario</h3><table class="result"><tr class="param"><th>Parameter #1</th><th>Parameter #2</th></tr><tr class="param stripe"><td>&quot;Verifying signout link&quot;</td><td>&quot;Validating Sign in page&quot;</td></tr></table><p class="totop"><a href="#summary">back to summary</a></p>
<h3 id="m84">Runner.TestRunner#runScenario</h3><table class="result"><tr class="param"><th>Parameter #1</th><th>Parameter #2</th></tr><tr class="param stripe"><td>&quot;The user is able to navigate to Queue Page page&quot;</td><td>&quot;User is on Queue Page&quot;</td></tr></table><p class="totop"><a href="#summary">back to summary</a></p>
<h3 id="m85">Runner.TestRunner#runScenario</h3><table class="result"><tr class="param"><th>Parameter #1</th><th>Parameter #2</th></tr><tr class="param stripe"><td>&quot;The user is able run code in tryEditor for Stack1 page&quot;</td><td>&quot;Testing the Stack Page&quot;</td></tr></table><p class="totop"><a href="#summary">back to summary</a></p>
<h3 id="m86">Runner.TestRunner#runScenario</h3><table class="result"><tr class="param"><th>Parameter #1</th><th>Parameter #2</th></tr><tr class="param stripe"><td>&quot;The user is able to navigate to Arrays Using List page&quot;</td><td>&quot;User is on Array Page&quot;</td></tr></table><p class="totop"><a href="#summary">back to summary</a></p>
<h3 id="m87">Runner.TestRunner#runScenario</h3><table class="result"><tr class="param"><th>Parameter #1</th><th>Parameter #2</th></tr><tr class="param stripe"><td>&quot;The user is able run code in tryEditor for Implementation using Collections page&quot;</td><td>&quot;User is on Queue Page&quot;</td></tr></table><p class="totop"><a href="#summary">back to summary</a></p>
<h3 id="m88">Runner.TestRunner#runScenario</h3><table class="result"><tr class="param"><th>Parameter #1</th><th>Parameter #2</th></tr><tr class="param stripe"><td>&quot;The user is able to navigate to Tree Page&quot;</td><td>&quot;Testing the Tree Page&quot;</td></tr></table><p class="totop"><a href="#summary">back to summary</a></p>
<h3 id="m89">Runner.TestRunner#runScenario</h3><table class="result"><tr class="param"><th>Parameter #1</th><th>Parameter #2</th></tr><tr class="param stripe"><td>&quot;The user is presented with error message for password mismatch&quot;</td><td>&quot;Testing the Register Page&quot;</td></tr></table><p class="totop"><a href="#summary">back to summary</a></p>
<h3 id="m90">Runner.TestRunner#runScenario</h3><table class="result"><tr class="param"><th>Parameter #1</th><th>Parameter #2</th></tr><tr class="param stripe"><td>&quot;The user is able run code in tryEditor for Tree page&quot;</td><td>&quot;Testing the Tree Page&quot;</td></tr></table><p class="totop"><a href="#summary">back to summary</a></p>
<h3 id="m91">Runner.TestRunner#runScenario</h3><table class="result"><tr class="param"><th>Parameter #1</th><th>Parameter #2</th></tr><tr class="param stripe"><td>&quot;The user is able run code in tryEditor for Tree page&quot;</td><td>&quot;Testing the Tree Page&quot;</td></tr></table><p class="totop"><a href="#summary">back to summary</a></p>
<h3 id="m92">Runner.TestRunner#runScenario</h3><table class="result"><tr class="param"><th>Parameter #1</th><th>Parameter #2</th></tr><tr class="param stripe"><td>&quot;The user run the code in tryEditor with valid input for Implement Linked List in Python page&quot;</td><td>&quot;User is on LinkedList page&quot;</td></tr></table><p class="totop"><a href="#summary">back to summary</a></p>
<h3 id="m93">Runner.TestRunner#runScenario</h3><table class="result"><tr class="param"><th>Parameter #1</th><th>Parameter #2</th></tr><tr class="param stripe"><td>&quot;The user is able run code in tryEditor for Stack3 page&quot;</td><td>&quot;Testing the Stack Page&quot;</td></tr></table><p class="totop"><a href="#summary">back to summary</a></p>
<h3 id="m94">Runner.TestRunner#runScenario</h3><table class="result"><tr class="param"><th>Parameter #1</th><th>Parameter #2</th></tr><tr class="param stripe"><td>&quot;The user is presented with error message for empty fields below Password textbox&quot;</td><td>&quot;Testing the Register Page&quot;</td></tr></table><p class="totop"><a href="#summary">back to summary</a></p>
<h3 id="m95">Runner.TestRunner#runScenario</h3><table class="result"><tr class="param"><th>Parameter #1</th><th>Parameter #2</th></tr><tr class="param stripe"><td>&quot;The user is able to navigate to a page having an tryEditor from Applications of Array page&quot;</td><td>&quot;User is on Array Page&quot;</td></tr></table><p class="totop"><a href="#summary">back to summary</a></p>
<h3 id="m96">Runner.TestRunner#runScenario</h3><table class="result"><tr class="param"><th>Parameter #1</th><th>Parameter #2</th></tr><tr class="param stripe"><td>&quot;The user run the code in tryEditor with valid input for Insertion page&quot;</td><td>&quot;User is on LinkedList page&quot;</td></tr></table><p class="totop"><a href="#summary">back to summary</a></p>
<h3 id="m97">Runner.TestRunner#runScenario</h3><table class="result"><tr class="param"><th>Parameter #1</th><th>Parameter #2</th></tr><tr class="param stripe"><td>&quot;The user is able run code in tryEditor for Tree page&quot;</td><td>&quot;Testing the Tree Page&quot;</td></tr></table><p class="totop"><a href="#summary">back to summary</a></p>
<h3 id="m98">Runner.TestRunner#runScenario</h3><table class="result"><tr class="param"><th>Parameter #1</th><th>Parameter #2</th></tr><tr class="param stripe"><td>&quot;The user is able to navigate to Question page from Squares of a Sorted Array&quot;</td><td>&quot;User is on Array Page&quot;</td></tr></table><p class="totop"><a href="#summary">back to summary</a></p>
<h3 id="m99">Runner.TestRunner#runScenario</h3><table class="result"><tr class="param"><th>Parameter #1</th><th>Parameter #2</th></tr><tr class="param stripe"><td>&quot;The user is presented with error message for code with invalid syntax in tryEditor for Arrays in Python page&quot;</td><td>&quot;User is on Array Page&quot;</td></tr></table><p class="totop"><a href="#summary">back to summary</a></p>
<h3 id="m100">Runner.TestRunner#runScenario</h3><table class="result"><tr class="param"><th>Parameter #1</th><th>Parameter #2</th></tr><tr class="param stripe"><td>&quot;The user is on the Home page and click Get started link with out sign in&quot;</td><td>&quot;User is on DS ALgo Home page&quot;</td></tr></table><p class="totop"><a href="#summary">back to summary</a></p>
<h3 id="m101">Runner.TestRunner#runScenario</h3><table class="result"><tr class="param"><th>Parameter #1</th><th>Parameter #2</th></tr><tr class="param stripe"><td>&quot;User navigated to Types of linked list page&quot;</td><td>&quot;User is on LinkedList page&quot;</td></tr></table><p class="totop"><a href="#summary">back to summary</a></p>
<h3 id="m102">Runner.TestRunner#runScenario</h3><table class="result"><tr class="param"><th>Parameter #1</th><th>Parameter #2</th></tr><tr class="param stripe"><td>&quot;User navigated to tryEditor page with Run button from Creating a Linked List page&quot;</td><td>&quot;User is on LinkedList page&quot;</td></tr></table><p class="totop"><a href="#summary">back to summary</a></p>
<h3 id="m103">Runner.TestRunner#runScenario</h3><table class="result"><tr class="param"><th>Parameter #1</th><th>Parameter #2</th></tr><tr class="param stripe"><td>&quot;The user is able to navigate to Stack Page&quot;</td><td>&quot;Testing the Stack Page&quot;</td></tr></table><p class="totop"><a href="#summary">back to summary</a></p>
<h3 id="m104">Runner.TestRunner#runScenario</h3><table class="result"><tr class="param"><th>Parameter #1</th><th>Parameter #2</th></tr><tr class="param stripe"><td>&quot;The user is able to navigate to Applications of Array page&quot;</td><td>&quot;User is on Array Page&quot;</td></tr></table><p class="totop"><a href="#summary">back to summary</a></p>
<h3 id="m105">Runner.TestRunner#runScenario</h3><table class="result"><tr class="param"><th>Parameter #1</th><th>Parameter #2</th></tr><tr class="param stripe"><td>&quot;The user is able to submit code in tryEditor for Find Numbers with Even Number of Digits&quot;</td><td>&quot;User is on Array Page&quot;</td></tr></table><p class="totop"><a href="#summary">back to summary</a></p>
<h3 id="m106">Runner.TestRunner#runScenario</h3><table class="result"><tr class="param"><th>Parameter #1</th><th>Parameter #2</th></tr><tr class="param stripe"><td>&quot;User navigated to creating linked list page&quot;</td><td>&quot;User is on LinkedList page&quot;</td></tr></table><p class="totop"><a href="#summary">back to summary</a></p>
<h3 id="m107">Runner.TestRunner#runScenario</h3><table class="result"><tr class="param"><th>Parameter #1</th><th>Parameter #2</th></tr><tr class="param stripe"><td>&quot;The user is presented with error message for code with invalid syntax in tryEditor for Arrays Using List page&quot;</td><td>&quot;User is on Array Page&quot;</td></tr></table><p class="totop"><a href="#summary">back to summary</a></p>
<h3 id="m108">Runner.TestRunner#runScenario</h3><table class="result"><tr class="param"><th>Parameter #1</th><th>Parameter #2</th></tr><tr class="param stripe"><td>&quot;The user is able to navigate to Graph Page&quot;</td><td>&quot;Testing the Graph Page&quot;</td></tr></table><p class="totop"><a href="#summary">back to summary</a></p>
<h3 id="m109">Runner.TestRunner#runScenario</h3><table class="result"><tr class="param"><th>Parameter #1</th><th>Parameter #2</th></tr><tr class="param stripe"><td>&quot;The user redirected to Homepage with valid details&quot;</td><td>&quot;Testing the Register Page&quot;</td></tr></table><p class="totop"><a href="#summary">back to summary</a></p>
<h3 id="m110">Runner.TestRunner#runScenario</h3><table class="result"><tr class="param"><th>Parameter #1</th><th>Parameter #2</th></tr><tr class="param stripe"><td>&quot;The user is able run code in tryEditor for Tree page&quot;</td><td>&quot;Testing the Tree Page&quot;</td></tr></table><p class="totop"><a href="#summary">back to summary</a></p>
<h3 id="m111">Runner.TestRunner#runScenario</h3><table class="result"><tr class="param"><th>Parameter #1</th><th>Parameter #2</th></tr><tr class="param stripe"><td>&quot;user navigated to Insertion page&quot;</td><td>&quot;User is on LinkedList page&quot;</td></tr></table><p class="totop"><a href="#summary">back to summary</a></p>
<h3 id="m112">Runner.TestRunner#runScenario</h3><table class="result"><tr class="param"><th>Parameter #1</th><th>Parameter #2</th></tr><tr class="param stripe"><td>&quot;The user is on the Home page and click Get started link with out sign in&quot;</td><td>&quot;User is on DS ALgo Home page&quot;</td></tr></table><p class="totop"><a href="#summary">back to summary</a></p>
<h3 id="m113">Runner.TestRunner#runScenario</h3><table class="result"><tr class="param"><th>Parameter #1</th><th>Parameter #2</th></tr><tr class="param stripe"><td>&quot;The user is able to navigate to Tree Page&quot;</td><td>&quot;Testing the Tree Page&quot;</td></tr></table><p class="totop"><a href="#summary">back to summary</a></p>
<h3 id="m114">Runner.TestRunner#runScenario</h3><table class="result"><tr class="param"><th>Parameter #1</th><th>Parameter #2</th></tr><tr class="param stripe"><td>&quot;The user is able to navigate to Tree Page&quot;</td><td>&quot;Testing the Tree Page&quot;</td></tr></table><p class="totop"><a href="#summary">back to summary</a></p>
<h3 id="m115">Runner.TestRunner#runScenario</h3><table class="result"><tr class="param"><th>Parameter #1</th><th>Parameter #2</th></tr><tr class="param stripe"><td>&quot;user navigated to Traversal page&quot;</td><td>&quot;User is on LinkedList page&quot;</td></tr></table><p class="totop"><a href="#summary">back to summary</a></p>
<h3 id="m116">Runner.TestRunner#runScenario</h3><table class="result"><tr class="param"><th>Parameter #1</th><th>Parameter #2</th></tr><tr class="param stripe"><td>&quot;User on login page and login with the fields empty &quot;&quot; and &quot;&quot;&quot;</td><td>&quot;Validating Sign in page&quot;</td></tr></table><p class="totop"><a href="#summary">back to summary</a></p>
<h3 id="m117">Runner.TestRunner#runScenario</h3><table class="result"><tr class="param"><th>Parameter #1</th><th>Parameter #2</th></tr><tr class="param stripe"><td>&quot;The user is able run code in tryEditor for Tree page&quot;</td><td>&quot;Testing the Tree Page&quot;</td></tr></table><p class="totop"><a href="#summary">back to summary</a></p>
<h3 id="m118">Runner.TestRunner#runScenario</h3><table class="result"><tr class="param"><th>Parameter #1</th><th>Parameter #2</th></tr><tr class="param stripe"><td>&quot;The user is presented with error message for commonly used password&quot;</td><td>&quot;Testing the Register Page&quot;</td></tr></table><p class="totop"><a href="#summary">back to summary</a></p>
<h3 id="m119">Runner.TestRunner#runScenario</h3><table class="result"><tr class="param"><th>Parameter #1</th><th>Parameter #2</th></tr><tr class="param stripe"><td>&quot;The user launch DS Algo portal url&quot;</td><td>&quot;The user opens DS Algo portal link&quot;</td></tr></table><p class="totop"><a href="#summary">back to summary</a></p>
<h3 id="m120">Runner.TestRunner#runScenario</h3><table class="result"><tr class="param"><th>Parameter #1</th><th>Parameter #2</th></tr><tr class="param stripe"><td>&quot;The user run the code in tryEditor with valid input for Introduction page&quot;</td><td>&quot;User is on LinkedList page&quot;</td></tr></table><p class="totop"><a href="#summary">back to summary</a></p>
<h3 id="m121">Runner.TestRunner#runScenario</h3><table class="result"><tr class="param"><th>Parameter #1</th><th>Parameter #2</th></tr><tr class="param stripe"><td>&quot;The user is able run code in tryEditor for Implementation of Queue page&quot;</td><td>&quot;User is on Queue Page&quot;</td></tr></table><p class="totop"><a href="#summary">back to summary</a></p>
<h3 id="m122">Runner.TestRunner#runScenario</h3><table class="result"><tr class="param"><th>Parameter #1</th><th>Parameter #2</th></tr><tr class="param stripe"><td>&quot;The user is presented with error message for code with invalid syntax in tryEditor for Queue Operations page&quot;</td><td>&quot;User is on Queue Page&quot;</td></tr></table><p class="totop"><a href="#summary">back to summary</a></p>
<h3 id="m123">Runner.TestRunner#runScenario</h3><table class="result"><tr class="param"><th>Parameter #1</th><th>Parameter #2</th></tr><tr class="param stripe"><td>&quot;The user is on the Home page and click on dropdown without sign in&quot;</td><td>&quot;User is on DS ALgo Home page&quot;</td></tr></table><p class="totop"><a href="#summary">back to summary</a></p>
<h3 id="m124">Runner.TestRunner#runScenario</h3><table class="result"><tr class="param"><th>Parameter #1</th><th>Parameter #2</th></tr><tr class="param stripe"><td>&quot;The user is able run code in tryEditor for Queue Operations page&quot;</td><td>&quot;User is on Queue Page&quot;</td></tr></table><p class="totop"><a href="#summary">back to summary</a></p>
<h3 id="m125">Runner.TestRunner#runScenario</h3><table class="result"><tr class="param"><th>Parameter #1</th><th>Parameter #2</th></tr><tr class="param stripe"><td>&quot;Signin to Navigate through modules&quot;</td><td>&quot;Validating Sign in page&quot;</td></tr></table><p class="totop"><a href="#summary">back to summary</a></p>
<h3 id="m126">Runner.TestRunner#runScenario</h3><table class="result"><tr class="param"><th>Parameter #1</th><th>Parameter #2</th></tr><tr class="param stripe"><td>&quot;The user is able run code in tryEditor for Implementation of Queue page&quot;</td><td>&quot;Testing the Graph Page&quot;</td></tr></table><p class="totop"><a href="#summary">back to summary</a></p>
<h3 id="m127">Runner.TestRunner#runScenario</h3><table class="result"><tr class="param"><th>Parameter #1</th><th>Parameter #2</th></tr><tr class="param stripe"><td>&quot;The user is able to navigate to Tree Page&quot;</td><td>&quot;Testing the Tree Page&quot;</td></tr></table><p class="totop"><a href="#summary">back to summary</a></p>
<h3 id="m128">Runner.TestRunner#runScenario</h3><table class="result"><tr class="param"><th>Parameter #1</th><th>Parameter #2</th></tr><tr class="param stripe"><td>&quot;The user is able to navigate to DS Page&quot;</td><td>&quot;Testing the Data Structure Page&quot;</td></tr></table><p class="totop"><a href="#summary">back to summary</a></p>
<h3 id="m129">Runner.TestRunner#runScenario</h3><table class="result"><tr class="param"><th>Parameter #1</th><th>Parameter #2</th></tr><tr class="param stripe"><td>&quot;The user is able to navigate to Tree Page&quot;</td><td>&quot;Testing the Tree Page&quot;</td></tr></table><p class="totop"><a href="#summary">back to summary</a></p>
<h3 id="m130">Runner.TestRunner#runScenario</h3><table class="result"><tr class="param"><th>Parameter #1</th><th>Parameter #2</th></tr><tr class="param stripe"><td>&quot;The user is able run code in tryEditor for Arrays Using List page&quot;</td><td>&quot;User is on Array Page&quot;</td></tr></table><p class="totop"><a href="#summary">back to summary</a></p>
<h3 id="m131">Runner.TestRunner#runScenario</h3><table class="result"><tr class="param"><th>Parameter #1</th><th>Parameter #2</th></tr><tr class="param stripe"><td>&quot;The user is able run code in tryEditor for Tree page&quot;</td><td>&quot;Testing the Tree Page&quot;</td></tr></table><p class="totop"><a href="#summary">back to summary</a></p>
<h3 id="m132">Runner.TestRunner#runScenario</h3><table class="result"><tr class="param"><th>Parameter #1</th><th>Parameter #2</th></tr><tr class="param stripe"><td>&quot;User on login page and login with the fields empty &quot;&quot; and &quot;passowrd&quot;&quot;</td><td>&quot;Validating Sign in page&quot;</td></tr></table><p class="totop"><a href="#summary">back to summary</a></p>
<h3 id="m133">Runner.TestRunner#runScenario</h3><table class="result"><tr class="param"><th>Parameter #1</th><th>Parameter #2</th></tr><tr class="param stripe"><td>&quot;The user is able run code in tryEditor for Basic Operations in Lists page&quot;</td><td>&quot;User is on Array Page&quot;</td></tr></table><p class="totop"><a href="#summary">back to summary</a></p>
<h3 id="m134">Runner.TestRunner#runScenario</h3><table class="result"><tr class="param"><th>Parameter #1</th><th>Parameter #2</th></tr><tr class="param stripe"><td>&quot;The user is presented with error message for invalid username&quot;</td><td>&quot;Testing the Register Page&quot;</td></tr></table><p class="totop"><a href="#summary">back to summary</a></p>
<h3 id="m135">Runner.TestRunner#runScenario</h3><table class="result"><tr class="param"><th>Parameter #1</th><th>Parameter #2</th></tr><tr class="param stripe"><td>&quot;The user is presented with error message for password with characters less than 8&quot;</td><td>&quot;Testing the Register Page&quot;</td></tr></table><p class="totop"><a href="#summary">back to summary</a></p>
<h3 id="m136">Runner.TestRunner#runScenario</h3><table class="result"><tr class="param"><th>Parameter #1</th><th>Parameter #2</th></tr><tr class="param stripe"><td>&quot;The user is able run code in tryEditor for Tree page&quot;</td><td>&quot;Testing the Tree Page&quot;</td></tr></table><p class="totop"><a href="#summary">back to summary</a></p>
<h3 id="m137">Runner.TestRunner#runScenario</h3><table class="result"><tr class="param"><th>Parameter #1</th><th>Parameter #2</th></tr><tr class="param stripe"><td>&quot;The user is able to navigate to Tree Page&quot;</td><td>&quot;Testing the Tree Page&quot;</td></tr></table><p class="totop"><a href="#summary">back to summary</a></p>
<h3 id="m138">Runner.TestRunner#runScenario</h3><table class="result"><tr class="param"><th>Parameter #1</th><th>Parameter #2</th></tr><tr class="param stripe"><td>&quot;User navigated to Introduction page&quot;</td><td>&quot;User is on LinkedList page&quot;</td></tr></table><p class="totop"><a href="#summary">back to summary</a></p>
<h3 id="m139">Runner.TestRunner#runScenario</h3><table class="result"><tr class="param"><th>Parameter #1</th><th>Parameter #2</th></tr><tr class="param stripe"><td>&quot;The user is able to navigate to Queue page&quot;</td><td>&quot;User is on Queue Page&quot;</td></tr></table><p class="totop"><a href="#summary">back to summary</a></p>
<h3 id="m140">Runner.TestRunner#runScenario</h3><table class="result"><tr class="param"><th>Parameter #1</th><th>Parameter #2</th></tr><tr class="param stripe"><td>&quot;The user is able to navigate to Basic Operations in Lists page&quot;</td><td>&quot;User is on Array Page&quot;</td></tr></table><p class="totop"><a href="#summary">back to summary</a></p>
<h3 id="m141">Runner.TestRunner#runScenario</h3><table class="result"><tr class="param"><th>Parameter #1</th><th>Parameter #2</th></tr><tr class="param stripe"><td>&quot;User on login page and login with invalid and valid inputs from Excel &quot;login&quot; and 0&quot;</td><td>&quot;Validating Sign in page&quot;</td></tr></table><p class="totop"><a href="#summary">back to summary</a></p>
<h3 id="m142">Runner.TestRunner#runScenario</h3><table class="result"><tr class="param"><th>Parameter #1</th><th>Parameter #2</th></tr><tr class="param stripe"><td>&quot;The user is able to navigate to Tree Page&quot;</td><td>&quot;Testing the Tree Page&quot;</td></tr></table><p class="totop"><a href="#summary">back to summary</a></p>
<h3 id="m143">Runner.TestRunner#runScenario</h3><table class="result"><tr class="param"><th>Parameter #1</th><th>Parameter #2</th></tr><tr class="param stripe"><td>&quot;The user is able to navigate to a page having an tryEditor from Arrays Using List page&quot;</td><td>&quot;User is on Array Page&quot;</td></tr></table><p class="totop"><a href="#summary">back to summary</a></p>
<h3 id="m144">Runner.TestRunner#runScenario</h3><table class="result"><tr class="param"><th>Parameter #1</th><th>Parameter #2</th></tr><tr class="param stripe"><td>&quot;The user run the code in tryEditor with valid input for Creating a Linked List page&quot;</td><td>&quot;User is on LinkedList page&quot;</td></tr></table><p class="totop"><a href="#summary">back to summary</a></p>
<h3 id="m145">Runner.TestRunner#runScenario</h3><table class="result"><tr class="param"><th>Parameter #1</th><th>Parameter #2</th></tr><tr class="param stripe"><td>&quot;Verifying Register link&quot;</td><td>&quot;Validating Sign in page&quot;</td></tr></table><p class="totop"><a href="#summary">back to summary</a></p>
<h3 id="m146">Runner.TestRunner#runScenario</h3><table class="result"><tr class="param"><th>Parameter #1</th><th>Parameter #2</th></tr><tr class="param stripe"><td>&quot;The user is able run code in tryEditor for Tree page&quot;</td><td>&quot;Testing the Tree Page&quot;</td></tr></table><p class="totop"><a href="#summary">back to summary</a></p>
<h3 id="m147">Runner.TestRunner#runScenario</h3><table class="result"><tr class="param"><th>Parameter #1</th><th>Parameter #2</th></tr><tr class="param stripe"><td>&quot;The user is able run code in tryEditor for Tree page&quot;</td><td>&quot;Testing the Tree Page&quot;</td></tr></table><p class="totop"><a href="#summary">back to summary</a></p>
<h3 id="m148">Runner.TestRunner#runScenario</h3><table class="result"><tr class="param"><th>Parameter #1</th><th>Parameter #2</th></tr><tr class="param stripe"><td>&quot;The user is on the Home page and click Get started link with out sign in&quot;</td><td>&quot;User is on DS ALgo Home page&quot;</td></tr></table><p class="totop"><a href="#summary">back to summary</a></p>
<h3 id="m149">Runner.TestRunner#runScenario</h3><table class="result"><tr class="param"><th>Parameter #1</th><th>Parameter #2</th></tr><tr class="param stripe"><td>&quot;The user is able to navigate to Tree Page&quot;</td><td>&quot;Testing the Tree Page&quot;</td></tr></table><p class="totop"><a href="#summary">back to summary</a></p>
<h3 id="m150">Runner.TestRunner#runScenario</h3><table class="result"><tr class="param"><th>Parameter #1</th><th>Parameter #2</th></tr><tr class="param stripe"><td>&quot;User navigated to tryEditor page with Run button from Deletion page&quot;</td><td>&quot;User is on LinkedList page&quot;</td></tr></table><p class="totop"><a href="#summary">back to summary</a></p>
<h3 id="m151">Runner.TestRunner#runScenario</h3><table class="result"><tr class="param"><th>Parameter #1</th><th>Parameter #2</th></tr><tr class="param stripe"><td>&quot;user navigated to Implementation linked list in python page&quot;</td><td>&quot;User is on LinkedList page&quot;</td></tr></table><p class="totop"><a href="#summary">back to summary</a></p>
<h3 id="m152">Runner.TestRunner#runScenario</h3><table class="result"><tr class="param"><th>Parameter #1</th><th>Parameter #2</th></tr><tr class="param stripe"><td>&quot;The user is on the Home page and click on dropdown without sign in&quot;</td><td>&quot;User is on DS ALgo Home page&quot;</td></tr></table><p class="totop"><a href="#summary">back to summary</a></p>
<h3 id="m153">Runner.TestRunner#runScenario</h3><table class="result"><tr class="param"><th>Parameter #1</th><th>Parameter #2</th></tr><tr class="param stripe"><td>&quot;The user run the code in tryEditor with valid input for Deletion page&quot;</td><td>&quot;User is on LinkedList page&quot;</td></tr></table><p class="totop"><a href="#summary">back to summary</a></p>
<h3 id="m154">Runner.TestRunner#runScenario</h3><table class="result"><tr class="param"><th>Parameter #1</th><th>Parameter #2</th></tr><tr class="param stripe"><td>&quot;The user is able run code in tryEditor for Tree page&quot;</td><td>&quot;Testing the Tree Page&quot;</td></tr></table><p class="totop"><a href="#summary">back to summary</a></p>
<h3 id="m155">Runner.TestRunner#runScenario</h3><table class="result"><tr class="param"><th>Parameter #1</th><th>Parameter #2</th></tr><tr class="param stripe"><td>&quot;The user is able run code in tryEditor for Implementation using Array page&quot;</td><td>&quot;User is on Queue Page&quot;</td></tr></table><p class="totop"><a href="#summary">back to summary</a></p>
<h3 id="m156">Runner.TestRunner#runScenario</h3><table class="result"><tr class="param"><th>Parameter #1</th><th>Parameter #2</th></tr><tr class="param stripe"><td>&quot;The user run the code in tryEditor with valid input for Types of Linked List&quot;</td><td>&quot;User is on LinkedList page&quot;</td></tr></table><p class="totop"><a href="#summary">back to summary</a></p>
<h3 id="m157">Runner.TestRunner#runScenario</h3><table class="result"><tr class="param"><th>Parameter #1</th><th>Parameter #2</th></tr><tr class="param stripe"><td>&quot;The user is presented with error message for password too similar to your other personal information&quot;</td><td>&quot;Testing the Register Page&quot;</td></tr></table><p class="totop"><a href="#summary">back to summary</a></p>
<h3 id="m158">Runner.TestRunner#runScenario</h3><table class="result"><tr class="param"><th>Parameter #1</th><th>Parameter #2</th></tr><tr class="param stripe"><td>&quot;The user is able to navigate to Tree Page&quot;</td><td>&quot;Testing the Tree Page&quot;</td></tr></table><p class="totop"><a href="#summary">back to summary</a></p>
<h3 id="m159">Runner.TestRunner#runScenario</h3><table class="result"><tr class="param"><th>Parameter #1</th><th>Parameter #2</th></tr><tr class="param stripe"><td>&quot;The user is able to navigate to a page having an tryEditor from Arrays in Python page&quot;</td><td>&quot;User is on Array Page&quot;</td></tr></table><p class="totop"><a href="#summary">back to summary</a></p>
<h3 id="m160">Runner.TestRunner#runScenario</h3><table class="result"><tr class="param"><th>Parameter #1</th><th>Parameter #2</th></tr><tr class="param stripe"><td>&quot;User navigated to tryEditor page with Run button from Introduction page&quot;</td><td>&quot;User is on LinkedList page&quot;</td></tr></table><p class="totop"><a href="#summary">back to summary</a></p>
<h3 id="m161">Runner.TestRunner#runScenario</h3><table class="result"><tr class="param"><th>Parameter #1</th><th>Parameter #2</th></tr><tr class="param stripe"><td>&quot;The user validating Practice Questions page&quot;</td><td>&quot;User is on LinkedList page&quot;</td></tr></table><p class="totop"><a href="#summary">back to summary</a></p>
<h3 id="m162">Runner.TestRunner#runScenario</h3><table class="result"><tr class="param"><th>Parameter #1</th><th>Parameter #2</th></tr><tr class="param stripe"><td>&quot;The user is able to navigate to Question page from Find Numbers with Even Number of Digits&quot;</td><td>&quot;User is on Array Page&quot;</td></tr></table><p class="totop"><a href="#summary">back to summary</a></p>
<h3 id="m163">Runner.TestRunner#runScenario</h3><table class="result"><tr class="param"><th>Parameter #1</th><th>Parameter #2</th></tr><tr class="param stripe"><td>&quot;The user is able to submit code in tryEditor for Squares of a Sorted Array&quot;</td><td>&quot;User is on Array Page&quot;</td></tr></table><p class="totop"><a href="#summary">back to summary</a></p>
<h3 id="m164">Runner.TestRunner#runScenario</h3><table class="result"><tr class="param"><th>Parameter #1</th><th>Parameter #2</th></tr><tr class="param stripe"><td>&quot;The user is able to navigate to Tree Page&quot;</td><td>&quot;Testing the Tree Page&quot;</td></tr></table><p class="totop"><a href="#summary">back to summary</a></p>
<h3 id="m165">Runner.TestRunner#runScenario</h3><table class="result"><tr class="param"><th>Parameter #1</th><th>Parameter #2</th></tr><tr class="param stripe"><td>&quot;The user is presented with error message for code with invalid syntax in tryEditor for Implementation of Queue page&quot;</td><td>&quot;Testing the Graph Page&quot;</td></tr></table><p class="totop"><a href="#summary">back to summary</a></p>
<h3 id="m166">Runner.TestRunner#runScenario</h3><table class="result"><tr class="param"><th>Parameter #1</th><th>Parameter #2</th></tr><tr class="param stripe"><td>&quot;The user is able to navigate to Graph Page&quot;</td><td>&quot;Testing the Graph Page&quot;</td></tr></table><p class="totop"><a href="#summary">back to summary</a></p>
<h3 id="m167">Runner.TestRunner#runScenario</h3><table class="result"><tr class="param"><th>Parameter #1</th><th>Parameter #2</th></tr><tr class="param stripe"><td>&quot;User on login page and login with invalid and valid inputs from Excel &quot;login&quot; and 2&quot;</td><td>&quot;Validating Sign in page&quot;</td></tr></table><p class="totop"><a href="#summary">back to summary</a></p>
<h3 id="m168">Runner.TestRunner#runScenario</h3><table class="result"><tr class="param"><th>Parameter #1</th><th>Parameter #2</th></tr><tr class="param stripe"><td>&quot;The user is able to navigate to Stack Page&quot;</td><td>&quot;Testing the Stack Page&quot;</td></tr></table><p class="totop"><a href="#summary">back to summary</a></p>
</body>
</html>
